TN:
SF:/SharedWithWindows/Projects/diginstrument/inc/Applicator.h
FN:23,_ZN8DataFlow10ApplicatorIf21ApplicatorTestFunctorED2Ev
FN:23,_ZN8DataFlow10ApplicatorIf21ApplicatorTestFunctorEC2Ev
FN:23,_ZN8DataFlow10ApplicatorIf21ApplicatorTestFunctorED0Ev
FN:29,_ZN8DataFlow10ApplicatorIf21ApplicatorTestFunctorE3getERKj
FN:51,_ZN8DataFlow10ApplicatorIf21ApplicatorTestFunctorE6attachERNS_7iSourceIfEE
FNDA:0,_ZN8DataFlow10ApplicatorIf21ApplicatorTestFunctorED0Ev
FNDA:3,_ZN8DataFlow10ApplicatorIf21ApplicatorTestFunctorED2Ev
FNDA:3,_ZN8DataFlow10ApplicatorIf21ApplicatorTestFunctorEC2Ev
FNDA:4,_ZN8DataFlow10ApplicatorIf21ApplicatorTestFunctorE3getERKj
FNDA:3,_ZN8DataFlow10ApplicatorIf21ApplicatorTestFunctorE6attachERNS_7iSourceIfEE
FNF:5
FNH:4
BRDA:31,0,1,4
BRDA:31,0,2,0
BRF:2
BRH:1
DA:23,12
DA:29,4
DA:31,8
DA:32,4
DA:33,8
DA:51,3
DA:53,3
DA:54,3
LF:8
LH:8
end_of_record
SF:/SharedWithWindows/Projects/diginstrument/inc/RepeatingBuffer.h
FN:15,_ZN8DataFlow15RepeatingBufferIfED0Ev
FN:15,_ZN8DataFlow15RepeatingBufferIfED2Ev
FNDA:0,_ZN8DataFlow15RepeatingBufferIfED0Ev
FNDA:52,_ZN8DataFlow15RepeatingBufferIfED2Ev
FNF:2
FNH:1
DA:15,104
LF:1
LH:1
end_of_record
SF:/SharedWithWindows/Projects/diginstrument/inc/iBuffer.h
FN:23,_ZN8DataFlow7iBufferIfED0Ev
FN:23,_ZN8DataFlow7iBufferIfED2Ev
FNDA:0,_ZN8DataFlow7iBufferIfED0Ev
FNDA:65,_ZN8DataFlow7iBufferIfED2Ev
FNF:2
FNH:1
DA:23,130
LF:1
LH:1
end_of_record
SF:/SharedWithWindows/Projects/diginstrument/inc/iSource.h
FN:15,_ZN8DataFlow7iSourceIfEC2Ev
FN:28,_ZN8DataFlow7iSourceIfED2Ev
FN:28,_ZN8DataFlow7iSourceIfED0Ev
FNDA:1370,_ZN8DataFlow7iSourceIfEC2Ev
FNDA:0,_ZN8DataFlow7iSourceIfED0Ev
FNDA:1370,_ZN8DataFlow7iSourceIfED2Ev
FNF:3
FNH:2
DA:15,1370
DA:28,1370
LF:2
LH:2
end_of_record
SF:/SharedWithWindows/Projects/diginstrument/mixer_test/applicator_test.cpp
FN:14,_ZN21ApplicatorTestFunctorIfEclERSt6vectorIfSaIfEE
FN:23,_ZN12_GLOBAL__N_114ApplicatorTestD2Ev
FN:26,_ZN12_GLOBAL__N_114ApplicatorTest5SetUpEv
FN:27,_ZN12_GLOBAL__N_114ApplicatorTest8TearDownEv
FN:32,_ZN12_GLOBAL__N_114ApplicatorTestC2Ev
FN:35,_ZN12_GLOBAL__N_126ApplicatorTest_attach_TestD0Ev
FN:35,_ZN12_GLOBAL__N_126ApplicatorTest_attach_Test8TestBodyEv
FN:35,_ZN12_GLOBAL__N_126ApplicatorTest_attach_TestD2Ev
FN:35,_ZN12_GLOBAL__N_126ApplicatorTest_attach_TestC2Ev
FN:42,_ZN12_GLOBAL__N_127ApplicatorTest_getSize_TestD0Ev
FN:42,_ZN12_GLOBAL__N_127ApplicatorTest_getSize_Test8TestBodyEv
FN:42,_ZN12_GLOBAL__N_127ApplicatorTest_getSize_TestD2Ev
FN:42,_ZN12_GLOBAL__N_127ApplicatorTest_getSize_TestC2Ev
FN:57,_ZN12_GLOBAL__N_131ApplicatorTest_usesFunctor_TestC2Ev
FN:57,_ZN12_GLOBAL__N_131ApplicatorTest_usesFunctor_Test8TestBodyEv
FN:57,_ZN12_GLOBAL__N_131ApplicatorTest_usesFunctor_TestD0Ev
FN:57,_ZN12_GLOBAL__N_131ApplicatorTest_usesFunctor_TestD2Ev
FN:67,_Z41__static_initialization_and_destruction_0ii
FN:67,_GLOBAL__sub_I_applicator_test.cpp
FNDA:4,_ZN21ApplicatorTestFunctorIfEclERSt6vectorIfSaIfEE
FNDA:3,_ZN12_GLOBAL__N_114ApplicatorTestD2Ev
FNDA:3,_ZN12_GLOBAL__N_114ApplicatorTest5SetUpEv
FNDA:3,_ZN12_GLOBAL__N_114ApplicatorTest8TearDownEv
FNDA:3,_ZN12_GLOBAL__N_114ApplicatorTestC2Ev
FNDA:1,_ZN12_GLOBAL__N_126ApplicatorTest_attach_TestD0Ev
FNDA:1,_ZN12_GLOBAL__N_126ApplicatorTest_attach_TestD2Ev
FNDA:1,_ZN12_GLOBAL__N_126ApplicatorTest_attach_Test8TestBodyEv
FNDA:1,_ZN12_GLOBAL__N_126ApplicatorTest_attach_TestC2Ev
FNDA:1,_ZN12_GLOBAL__N_127ApplicatorTest_getSize_TestD0Ev
FNDA:1,_ZN12_GLOBAL__N_127ApplicatorTest_getSize_TestD2Ev
FNDA:1,_ZN12_GLOBAL__N_127ApplicatorTest_getSize_Test8TestBodyEv
FNDA:1,_ZN12_GLOBAL__N_127ApplicatorTest_getSize_TestC2Ev
FNDA:1,_ZN12_GLOBAL__N_131ApplicatorTest_usesFunctor_TestD0Ev
FNDA:1,_ZN12_GLOBAL__N_131ApplicatorTest_usesFunctor_TestD2Ev
FNDA:1,_ZN12_GLOBAL__N_131ApplicatorTest_usesFunctor_Test8TestBodyEv
FNDA:1,_ZN12_GLOBAL__N_131ApplicatorTest_usesFunctor_TestC2Ev
FNDA:1,_GLOBAL__sub_I_applicator_test.cpp
FNDA:1,_Z41__static_initialization_and_destruction_0ii
FNF:19
FNH:19
BRDA:15,1,5,1643
BRDA:15,1,6,4
BRDA:32,1,3,3
BRDA:32,1,4,0
BRDA:32,2,7,3
BRDA:32,2,8,0
BRDA:32,3,14,3
BRDA:32,3,15,0
BRDA:32,4,18,3
BRDA:32,4,19,0
BRDA:35,4294967295,5,1
BRDA:35,4294967295,6,0
BRDA:35,0,8,1
BRDA:35,0,9,0
BRDA:35,1,12,1
BRDA:35,1,13,0
BRDA:39,4294967295,1,1
BRDA:39,4294967295,2,0
BRDA:39,0,3,1
BRDA:39,0,4,0
BRDA:39,1,6,1
BRDA:39,1,7,0
BRDA:39,2,8,1
BRDA:39,2,9,0
BRDA:39,3,11,1
BRDA:39,3,12,0
BRDA:39,5,15,-
BRDA:39,5,16,-
BRDA:39,6,18,-
BRDA:39,6,19,-
BRDA:39,7,21,-
BRDA:39,7,22,-
BRDA:39,8,27,-
BRDA:39,8,28,-
BRDA:42,4294967295,5,1
BRDA:42,4294967295,6,0
BRDA:42,0,8,1
BRDA:42,0,9,0
BRDA:42,1,12,1
BRDA:42,1,13,0
BRDA:49,4294967295,1,1
BRDA:49,4294967295,2,0
BRDA:49,0,3,1
BRDA:49,0,4,0
BRDA:49,1,6,1
BRDA:49,1,7,0
BRDA:49,2,8,1
BRDA:49,2,9,0
BRDA:49,3,11,1
BRDA:49,3,12,0
BRDA:49,5,16,-
BRDA:49,5,17,-
BRDA:49,6,19,-
BRDA:49,6,20,-
BRDA:49,7,22,-
BRDA:49,7,23,-
BRDA:49,8,28,-
BRDA:49,8,29,-
BRDA:50,0,2,1
BRDA:50,0,3,0
BRDA:50,1,5,1
BRDA:50,1,6,0
BRDA:50,2,9,0
BRDA:50,2,10,1
BRDA:50,3,12,-
BRDA:50,3,13,-
BRDA:50,4,15,-
BRDA:50,4,16,-
BRDA:50,5,18,-
BRDA:50,5,19,-
BRDA:50,6,21,-
BRDA:50,6,22,-
BRDA:53,4294967295,1,1
BRDA:53,4294967295,2,0
BRDA:53,0,3,1
BRDA:53,0,4,0
BRDA:53,1,6,1
BRDA:53,1,7,0
BRDA:53,2,8,1
BRDA:53,2,9,0
BRDA:53,3,11,1
BRDA:53,3,12,0
BRDA:53,5,16,-
BRDA:53,5,17,-
BRDA:53,6,19,-
BRDA:53,6,20,-
BRDA:53,7,22,-
BRDA:53,7,23,-
BRDA:53,8,28,-
BRDA:53,8,29,-
BRDA:54,0,2,1
BRDA:54,0,3,0
BRDA:54,1,5,1
BRDA:54,1,6,0
BRDA:54,2,9,0
BRDA:54,2,10,1
BRDA:54,3,12,-
BRDA:54,3,13,-
BRDA:54,4,15,-
BRDA:54,4,16,-
BRDA:54,5,18,-
BRDA:54,5,19,-
BRDA:54,6,21,-
BRDA:54,6,22,-
BRDA:57,4294967295,5,1
BRDA:57,4294967295,6,0
BRDA:57,0,8,1
BRDA:57,0,9,0
BRDA:57,1,12,1
BRDA:57,1,13,0
BRDA:62,4294967295,1,1
BRDA:62,4294967295,2,0
BRDA:62,0,3,1
BRDA:62,0,4,0
BRDA:62,1,6,1
BRDA:62,1,7,0
BRDA:62,2,8,1
BRDA:62,2,9,0
BRDA:62,3,11,1
BRDA:62,3,12,0
BRDA:62,5,16,-
BRDA:62,5,17,-
BRDA:62,6,19,-
BRDA:62,6,20,-
BRDA:62,7,22,-
BRDA:62,7,23,-
BRDA:62,8,28,-
BRDA:62,8,29,-
BRDA:63,1,5,512
BRDA:63,1,6,1
BRDA:64,4294967295,1,512
BRDA:64,4294967295,2,0
BRDA:64,0,4,512
BRDA:64,0,5,0
BRDA:64,1,8,0
BRDA:64,1,9,512
BRDA:64,2,11,-
BRDA:64,2,12,-
BRDA:64,3,14,-
BRDA:64,3,15,-
BRDA:64,4,17,-
BRDA:64,4,18,-
BRDA:64,5,20,-
BRDA:64,5,21,-
BRDA:67,3,1,1
BRDA:67,3,2,0
BRDA:67,4,3,1
BRDA:67,4,4,0
BRF:148
BRH:48
DA:14,4
DA:15,1647
DA:16,1643
DA:18,4
DA:23,6
DA:26,3
DA:27,3
DA:32,3
DA:35,8
DA:37,2
DA:38,1
DA:39,1
DA:40,1
DA:42,8
DA:44,2
DA:45,1
DA:46,2
DA:48,1
DA:49,1
DA:50,1
DA:52,1
DA:53,1
DA:54,1
DA:55,1
DA:57,8
DA:59,2
DA:60,1
DA:61,2
DA:62,1
DA:63,513
DA:64,512
DA:66,1
DA:67,4
LF:33
LH:33
end_of_record
TN:
SF:/SharedWithWindows/Projects/diginstrument/inc/CheapSawtoothGenerator.h
FN:26,_ZN5Mixer22CheapSawtoothGeneratorIfED2Ev
FN:26,_ZN5Mixer22CheapSawtoothGeneratorIfED0Ev
FNDA:0,_ZN5Mixer22CheapSawtoothGeneratorIfED0Ev
FNDA:5,_ZN5Mixer22CheapSawtoothGeneratorIfED2Ev
FNF:2
FNH:1
DA:26,10
LF:1
LH:1
end_of_record
SF:/SharedWithWindows/Projects/diginstrument/inc/iSource.h
FN:28,_ZN8DataFlow7iSourceIfED2Ev
FN:28,_ZN8DataFlow7iSourceIfED0Ev
FNDA:0,_ZN8DataFlow7iSourceIfED0Ev
FNDA:0,_ZN8DataFlow7iSourceIfED2Ev
FNF:2
FNH:0
DA:28,0
LF:1
LH:0
end_of_record
SF:/SharedWithWindows/Projects/diginstrument/inc/iWaveformGenerator.h
FN:67,_ZN5Mixer18iWaveformGeneratorIfED0Ev
FN:67,_ZN5Mixer18iWaveformGeneratorIfED2Ev
FNDA:0,_ZN5Mixer18iWaveformGeneratorIfED0Ev
FNDA:644,_ZN5Mixer18iWaveformGeneratorIfED2Ev
FNF:2
FNH:1
DA:67,1288
LF:1
LH:1
end_of_record
SF:/SharedWithWindows/Projects/diginstrument/mixer_test/cheap_sawtooth_generator_test.cpp
FN:12,_ZN12_GLOBAL__N_126CheapSawtoothGeneratorTestD2Ev
FN:15,_ZN12_GLOBAL__N_126CheapSawtoothGeneratorTest5SetUpEv
FN:16,_ZN12_GLOBAL__N_126CheapSawtoothGeneratorTest8TearDownEv
FN:20,_ZN12_GLOBAL__N_126CheapSawtoothGeneratorTestC2Ev
FN:22,_ZN12_GLOBAL__N_144CheapSawtoothGeneratorTest_getFrequency_TestD0Ev
FN:22,_ZN12_GLOBAL__N_144CheapSawtoothGeneratorTest_getFrequency_Test8TestBodyEv
FN:22,_ZN12_GLOBAL__N_144CheapSawtoothGeneratorTest_getFrequency_TestD2Ev
FN:22,_ZN12_GLOBAL__N_144CheapSawtoothGeneratorTest_getFrequency_TestC2Ev
FN:27,_ZN12_GLOBAL__N_144CheapSawtoothGeneratorTest_setFrequency_TestC2Ev
FN:27,_ZN12_GLOBAL__N_144CheapSawtoothGeneratorTest_setFrequency_Test8TestBodyEv
FN:27,_ZN12_GLOBAL__N_144CheapSawtoothGeneratorTest_setFrequency_TestD0Ev
FN:27,_ZN12_GLOBAL__N_144CheapSawtoothGeneratorTest_setFrequency_TestD2Ev
FN:34,_ZN12_GLOBAL__N_158CheapSawtoothGeneratorTest_setFrequencyWithTransition_TestD2Ev
FN:34,_ZN12_GLOBAL__N_158CheapSawtoothGeneratorTest_setFrequencyWithTransition_TestC2Ev
FN:34,_ZN12_GLOBAL__N_158CheapSawtoothGeneratorTest_setFrequencyWithTransition_TestD0Ev
FN:34,_ZN12_GLOBAL__N_158CheapSawtoothGeneratorTest_setFrequencyWithTransition_Test8TestBodyEv
FN:43,_ZN12_GLOBAL__N_158CheapSawtoothGeneratorTest_differentTransitionMethods_TestD0Ev
FN:43,_ZN12_GLOBAL__N_158CheapSawtoothGeneratorTest_differentTransitionMethods_TestC2Ev
FN:43,_ZN12_GLOBAL__N_158CheapSawtoothGeneratorTest_differentTransitionMethods_TestD2Ev
FN:43,_ZN12_GLOBAL__N_158CheapSawtoothGeneratorTest_differentTransitionMethods_Test8TestBodyEv
FN:100,_ZN12_GLOBAL__N_139CheapSawtoothGeneratorTest_getSize_TestD2Ev
FN:100,_ZN12_GLOBAL__N_139CheapSawtoothGeneratorTest_getSize_TestD0Ev
FN:100,_ZN12_GLOBAL__N_139CheapSawtoothGeneratorTest_getSize_Test8TestBodyEv
FN:100,_ZN12_GLOBAL__N_139CheapSawtoothGeneratorTest_getSize_TestC2Ev
FN:112,_GLOBAL__sub_I_cheap_sawtooth_generator_test.cpp
FN:112,_Z41__static_initialization_and_destruction_0ii
FNDA:5,_ZN12_GLOBAL__N_126CheapSawtoothGeneratorTestD2Ev
FNDA:5,_ZN12_GLOBAL__N_126CheapSawtoothGeneratorTest5SetUpEv
FNDA:5,_ZN12_GLOBAL__N_126CheapSawtoothGeneratorTest8TearDownEv
FNDA:5,_ZN12_GLOBAL__N_126CheapSawtoothGeneratorTestC2Ev
FNDA:1,_ZN12_GLOBAL__N_144CheapSawtoothGeneratorTest_getFrequency_TestD0Ev
FNDA:1,_ZN12_GLOBAL__N_144CheapSawtoothGeneratorTest_getFrequency_TestD2Ev
FNDA:1,_ZN12_GLOBAL__N_144CheapSawtoothGeneratorTest_getFrequency_Test8TestBodyEv
FNDA:1,_ZN12_GLOBAL__N_144CheapSawtoothGeneratorTest_getFrequency_TestC2Ev
FNDA:1,_ZN12_GLOBAL__N_144CheapSawtoothGeneratorTest_setFrequency_TestD0Ev
FNDA:1,_ZN12_GLOBAL__N_144CheapSawtoothGeneratorTest_setFrequency_TestD2Ev
FNDA:1,_ZN12_GLOBAL__N_144CheapSawtoothGeneratorTest_setFrequency_Test8TestBodyEv
FNDA:1,_ZN12_GLOBAL__N_144CheapSawtoothGeneratorTest_setFrequency_TestC2Ev
FNDA:1,_ZN12_GLOBAL__N_158CheapSawtoothGeneratorTest_setFrequencyWithTransition_TestD0Ev
FNDA:1,_ZN12_GLOBAL__N_158CheapSawtoothGeneratorTest_setFrequencyWithTransition_TestD2Ev
FNDA:1,_ZN12_GLOBAL__N_158CheapSawtoothGeneratorTest_setFrequencyWithTransition_Test8TestBodyEv
FNDA:1,_ZN12_GLOBAL__N_158CheapSawtoothGeneratorTest_setFrequencyWithTransition_TestC2Ev
FNDA:1,_ZN12_GLOBAL__N_158CheapSawtoothGeneratorTest_differentTransitionMethods_TestD0Ev
FNDA:1,_ZN12_GLOBAL__N_158CheapSawtoothGeneratorTest_differentTransitionMethods_TestD2Ev
FNDA:1,_ZN12_GLOBAL__N_158CheapSawtoothGeneratorTest_differentTransitionMethods_Test8TestBodyEv
FNDA:1,_ZN12_GLOBAL__N_158CheapSawtoothGeneratorTest_differentTransitionMethods_TestC2Ev
FNDA:1,_ZN12_GLOBAL__N_139CheapSawtoothGeneratorTest_getSize_TestD0Ev
FNDA:1,_ZN12_GLOBAL__N_139CheapSawtoothGeneratorTest_getSize_TestD2Ev
FNDA:1,_ZN12_GLOBAL__N_139CheapSawtoothGeneratorTest_getSize_Test8TestBodyEv
FNDA:1,_ZN12_GLOBAL__N_139CheapSawtoothGeneratorTest_getSize_TestC2Ev
FNDA:1,_GLOBAL__sub_I_cheap_sawtooth_generator_test.cpp
FNDA:1,_Z41__static_initialization_and_destruction_0ii
FNF:26
FNH:26
BRDA:20,1,2,5
BRDA:20,1,3,0
BRDA:22,4294967295,5,1
BRDA:22,4294967295,6,0
BRDA:22,0,8,1
BRDA:22,0,9,0
BRDA:22,1,12,1
BRDA:22,1,13,0
BRDA:24,0,1,1
BRDA:24,0,2,0
BRDA:24,1,4,1
BRDA:24,1,5,0
BRDA:24,2,7,1
BRDA:24,2,8,0
BRDA:24,3,11,0
BRDA:24,3,12,1
BRDA:24,4,14,-
BRDA:24,4,15,-
BRDA:24,5,17,-
BRDA:24,5,18,-
BRDA:24,6,20,-
BRDA:24,6,21,-
BRDA:24,7,23,-
BRDA:24,7,24,-
BRDA:27,4294967295,5,1
BRDA:27,4294967295,6,0
BRDA:27,0,8,1
BRDA:27,0,9,0
BRDA:27,1,12,1
BRDA:27,1,13,0
BRDA:30,0,1,1
BRDA:30,0,2,0
BRDA:31,0,1,1
BRDA:31,0,2,0
BRDA:31,1,4,1
BRDA:31,1,5,0
BRDA:31,2,7,1
BRDA:31,2,8,0
BRDA:31,3,11,0
BRDA:31,3,12,1
BRDA:31,4,14,-
BRDA:31,4,15,-
BRDA:31,5,17,-
BRDA:31,5,18,-
BRDA:31,6,20,-
BRDA:31,6,21,-
BRDA:31,7,23,-
BRDA:31,7,24,-
BRDA:34,4294967295,5,1
BRDA:34,4294967295,6,0
BRDA:34,0,8,1
BRDA:34,0,9,0
BRDA:34,1,12,1
BRDA:34,1,13,0
BRDA:38,0,2,1
BRDA:38,0,3,0
BRDA:38,1,6,1
BRDA:38,1,7,0
BRDA:39,4294967295,1,1
BRDA:39,4294967295,2,0
BRDA:40,4294967295,1,1
BRDA:40,4294967295,2,0
BRDA:40,0,4,1
BRDA:40,0,5,0
BRDA:40,1,7,1
BRDA:40,1,8,0
BRDA:40,2,11,0
BRDA:40,2,12,1
BRDA:40,3,14,-
BRDA:40,3,15,-
BRDA:40,4,17,-
BRDA:40,4,18,-
BRDA:40,5,20,-
BRDA:40,5,21,-
BRDA:40,6,23,-
BRDA:40,6,24,-
BRDA:43,4294967295,5,1
BRDA:43,4294967295,6,0
BRDA:43,0,8,1
BRDA:43,0,9,0
BRDA:43,1,12,1
BRDA:43,1,13,0
BRDA:49,0,2,1
BRDA:49,0,3,0
BRDA:49,1,6,1
BRDA:49,1,7,0
BRDA:50,4294967295,1,1
BRDA:50,4294967295,2,0
BRDA:51,4294967295,1,1
BRDA:51,4294967295,2,0
BRDA:51,0,4,1
BRDA:51,0,5,0
BRDA:51,1,7,1
BRDA:51,1,8,0
BRDA:51,2,11,0
BRDA:51,2,12,1
BRDA:51,3,14,-
BRDA:51,3,15,-
BRDA:51,4,17,-
BRDA:51,4,18,-
BRDA:51,5,20,-
BRDA:51,5,21,-
BRDA:51,6,23,-
BRDA:51,6,24,-
BRDA:53,4294967295,2,1
BRDA:53,4294967295,3,0
BRDA:53,0,6,1
BRDA:53,0,7,0
BRDA:54,4294967295,1,1
BRDA:54,4294967295,2,0
BRDA:55,4294967295,1,1
BRDA:55,4294967295,2,0
BRDA:55,0,4,1
BRDA:55,0,5,0
BRDA:55,1,7,1
BRDA:55,1,8,0
BRDA:55,2,11,0
BRDA:55,2,12,1
BRDA:55,3,14,-
BRDA:55,3,15,-
BRDA:55,4,17,-
BRDA:55,4,18,-
BRDA:55,5,20,-
BRDA:55,5,21,-
BRDA:55,6,23,-
BRDA:55,6,24,-
BRDA:57,4294967295,2,1
BRDA:57,4294967295,3,0
BRDA:57,0,6,1
BRDA:57,0,7,0
BRDA:58,4294967295,1,1
BRDA:58,4294967295,2,0
BRDA:59,4294967295,1,1
BRDA:59,4294967295,2,0
BRDA:59,0,4,1
BRDA:59,0,5,0
BRDA:59,1,7,1
BRDA:59,1,8,0
BRDA:59,2,11,0
BRDA:59,2,12,1
BRDA:59,3,14,-
BRDA:59,3,15,-
BRDA:59,4,17,-
BRDA:59,4,18,-
BRDA:59,5,20,-
BRDA:59,5,21,-
BRDA:59,6,23,-
BRDA:59,6,24,-
BRDA:61,4294967295,2,1
BRDA:61,4294967295,3,0
BRDA:61,0,6,1
BRDA:61,0,7,0
BRDA:62,4294967295,1,1
BRDA:62,4294967295,2,0
BRDA:63,4294967295,1,1
BRDA:63,4294967295,2,0
BRDA:63,0,4,1
BRDA:63,0,5,0
BRDA:63,1,7,1
BRDA:63,1,8,0
BRDA:63,2,11,0
BRDA:63,2,12,1
BRDA:63,3,14,-
BRDA:63,3,15,-
BRDA:63,4,17,-
BRDA:63,4,18,-
BRDA:63,5,20,-
BRDA:63,5,21,-
BRDA:63,6,23,-
BRDA:63,6,24,-
BRDA:66,4294967295,2,1
BRDA:66,4294967295,3,0
BRDA:66,0,6,1
BRDA:66,0,7,0
BRDA:67,4294967295,1,1
BRDA:67,4294967295,2,0
BRDA:68,4294967295,1,1
BRDA:68,4294967295,2,0
BRDA:68,0,4,1
BRDA:68,0,5,0
BRDA:68,1,7,1
BRDA:68,1,8,0
BRDA:68,2,11,0
BRDA:68,2,12,1
BRDA:68,3,14,-
BRDA:68,3,15,-
BRDA:68,4,17,-
BRDA:68,4,18,-
BRDA:68,5,20,-
BRDA:68,5,21,-
BRDA:68,6,23,-
BRDA:68,6,24,-
BRDA:70,4294967295,2,1
BRDA:70,4294967295,3,0
BRDA:70,0,6,1
BRDA:70,0,7,0
BRDA:71,4294967295,1,1
BRDA:71,4294967295,2,0
BRDA:72,4294967295,1,1
BRDA:72,4294967295,2,0
BRDA:72,0,4,1
BRDA:72,0,5,0
BRDA:72,1,7,1
BRDA:72,1,8,0
BRDA:72,2,11,0
BRDA:72,2,12,1
BRDA:72,3,14,-
BRDA:72,3,15,-
BRDA:72,4,17,-
BRDA:72,4,18,-
BRDA:72,5,20,-
BRDA:72,5,21,-
BRDA:72,6,23,-
BRDA:72,6,24,-
BRDA:74,4294967295,2,1
BRDA:74,4294967295,3,0
BRDA:74,0,6,1
BRDA:74,0,7,0
BRDA:75,4294967295,1,1
BRDA:75,4294967295,2,0
BRDA:76,4294967295,1,1
BRDA:76,4294967295,2,0
BRDA:76,0,4,1
BRDA:76,0,5,0
BRDA:76,1,7,1
BRDA:76,1,8,0
BRDA:76,2,11,0
BRDA:76,2,12,1
BRDA:76,3,14,-
BRDA:76,3,15,-
BRDA:76,4,17,-
BRDA:76,4,18,-
BRDA:76,5,20,-
BRDA:76,5,21,-
BRDA:76,6,23,-
BRDA:76,6,24,-
BRDA:78,4294967295,2,1
BRDA:78,4294967295,3,0
BRDA:78,0,6,1
BRDA:78,0,7,0
BRDA:79,4294967295,1,1
BRDA:79,4294967295,2,0
BRDA:80,4294967295,1,1
BRDA:80,4294967295,2,0
BRDA:80,0,4,1
BRDA:80,0,5,0
BRDA:80,1,7,1
BRDA:80,1,8,0
BRDA:80,2,11,0
BRDA:80,2,12,1
BRDA:80,3,14,-
BRDA:80,3,15,-
BRDA:80,4,17,-
BRDA:80,4,18,-
BRDA:80,5,20,-
BRDA:80,5,21,-
BRDA:80,6,23,-
BRDA:80,6,24,-
BRDA:83,4294967295,2,1
BRDA:83,4294967295,3,0
BRDA:83,0,6,1
BRDA:83,0,7,0
BRDA:84,4294967295,1,1
BRDA:84,4294967295,2,0
BRDA:85,4294967295,1,1
BRDA:85,4294967295,2,0
BRDA:85,0,4,1
BRDA:85,0,5,0
BRDA:85,1,7,1
BRDA:85,1,8,0
BRDA:85,2,11,0
BRDA:85,2,12,1
BRDA:85,3,14,-
BRDA:85,3,15,-
BRDA:85,4,17,-
BRDA:85,4,18,-
BRDA:85,5,20,-
BRDA:85,5,21,-
BRDA:85,6,23,-
BRDA:85,6,24,-
BRDA:87,4294967295,2,1
BRDA:87,4294967295,3,0
BRDA:87,0,6,1
BRDA:87,0,7,0
BRDA:88,4294967295,1,1
BRDA:88,4294967295,2,0
BRDA:89,4294967295,1,1
BRDA:89,4294967295,2,0
BRDA:89,0,4,1
BRDA:89,0,5,0
BRDA:89,1,7,1
BRDA:89,1,8,0
BRDA:89,2,11,0
BRDA:89,2,12,1
BRDA:89,3,14,-
BRDA:89,3,15,-
BRDA:89,4,17,-
BRDA:89,4,18,-
BRDA:89,5,20,-
BRDA:89,5,21,-
BRDA:89,6,23,-
BRDA:89,6,24,-
BRDA:91,4294967295,2,1
BRDA:91,4294967295,3,0
BRDA:91,0,6,1
BRDA:91,0,7,0
BRDA:92,4294967295,1,1
BRDA:92,4294967295,2,0
BRDA:93,4294967295,1,1
BRDA:93,4294967295,2,0
BRDA:93,0,4,1
BRDA:93,0,5,0
BRDA:93,1,7,1
BRDA:93,1,8,0
BRDA:93,2,11,0
BRDA:93,2,12,1
BRDA:93,3,14,-
BRDA:93,3,15,-
BRDA:93,4,17,-
BRDA:93,4,18,-
BRDA:93,5,20,-
BRDA:93,5,21,-
BRDA:93,6,23,-
BRDA:93,6,24,-
BRDA:95,4294967295,2,1
BRDA:95,4294967295,3,0
BRDA:95,0,6,1
BRDA:95,0,7,0
BRDA:96,4294967295,1,1
BRDA:96,4294967295,2,0
BRDA:97,4294967295,1,1
BRDA:97,4294967295,2,0
BRDA:97,0,4,1
BRDA:97,0,5,0
BRDA:97,1,7,1
BRDA:97,1,8,0
BRDA:97,2,11,0
BRDA:97,2,12,1
BRDA:97,3,14,-
BRDA:97,3,15,-
BRDA:97,4,17,-
BRDA:97,4,18,-
BRDA:97,5,20,-
BRDA:97,5,21,-
BRDA:97,6,23,-
BRDA:97,6,24,-
BRDA:100,4294967295,5,1
BRDA:100,4294967295,6,0
BRDA:100,0,8,1
BRDA:100,0,9,0
BRDA:100,1,12,1
BRDA:100,1,13,0
BRDA:103,0,1,1
BRDA:103,0,2,0
BRDA:104,4294967295,2,1
BRDA:104,4294967295,3,0
BRDA:104,0,5,1
BRDA:104,0,6,0
BRDA:104,1,9,0
BRDA:104,1,10,1
BRDA:104,2,12,-
BRDA:104,2,13,-
BRDA:104,3,15,-
BRDA:104,3,16,-
BRDA:104,4,18,-
BRDA:104,4,19,-
BRDA:104,5,21,-
BRDA:104,5,22,-
BRDA:106,4294967295,1,1
BRDA:106,4294967295,2,0
BRDA:107,4294967295,2,1
BRDA:107,4294967295,3,0
BRDA:107,0,5,1
BRDA:107,0,6,0
BRDA:107,1,9,0
BRDA:107,1,10,1
BRDA:107,2,12,-
BRDA:107,2,13,-
BRDA:107,3,15,-
BRDA:107,3,16,-
BRDA:107,4,18,-
BRDA:107,4,19,-
BRDA:107,5,21,-
BRDA:107,5,22,-
BRDA:109,4294967295,1,1
BRDA:109,4294967295,2,0
BRDA:110,4294967295,2,1
BRDA:110,4294967295,3,0
BRDA:110,0,5,1
BRDA:110,0,6,0
BRDA:110,1,9,0
BRDA:110,1,10,1
BRDA:110,2,12,-
BRDA:110,2,13,-
BRDA:110,3,15,-
BRDA:110,3,16,-
BRDA:110,4,18,-
BRDA:110,4,19,-
BRDA:110,5,21,-
BRDA:110,5,22,-
BRDA:112,3,1,1
BRDA:112,3,2,0
BRDA:112,4,3,1
BRDA:112,4,4,0
BRF:404
BRH:130
DA:12,10
DA:15,5
DA:16,5
DA:20,5
DA:22,8
DA:24,1
DA:25,1
DA:27,8
DA:29,1
DA:30,1
DA:31,1
DA:32,1
DA:34,8
DA:36,1
DA:37,1
DA:38,1
DA:39,1
DA:40,1
DA:41,1
DA:43,8
DA:45,1
DA:47,1
DA:49,1
DA:50,1
DA:51,1
DA:52,1
DA:53,1
DA:54,1
DA:55,1
DA:56,1
DA:57,1
DA:58,1
DA:59,1
DA:60,1
DA:61,1
DA:62,1
DA:63,1
DA:64,1
DA:66,1
DA:67,1
DA:68,1
DA:69,1
DA:70,1
DA:71,1
DA:72,1
DA:73,1
DA:74,1
DA:75,1
DA:76,1
DA:77,1
DA:78,1
DA:79,1
DA:80,1
DA:81,1
DA:83,1
DA:84,1
DA:85,1
DA:86,1
DA:87,1
DA:88,1
DA:89,1
DA:90,1
DA:91,1
DA:92,1
DA:93,1
DA:94,1
DA:95,1
DA:96,1
DA:97,1
DA:98,1
DA:100,8
DA:102,1
DA:103,2
DA:104,1
DA:105,1
DA:106,1
DA:107,1
DA:108,1
DA:109,1
DA:110,1
DA:111,1
DA:112,4
LF:82
LH:82
end_of_record
TN:
SF:/SharedWithWindows/Projects/diginstrument/inc/CheapSquareGenerator.h
FN:25,_ZN5Mixer20CheapSquareGeneratorIfED0Ev
FN:25,_ZN5Mixer20CheapSquareGeneratorIfED2Ev
FNDA:0,_ZN5Mixer20CheapSquareGeneratorIfED0Ev
FNDA:5,_ZN5Mixer20CheapSquareGeneratorIfED2Ev
FNF:2
FNH:1
DA:25,10
LF:1
LH:1
end_of_record
SF:/SharedWithWindows/Projects/diginstrument/inc/iSource.h
FN:28,_ZN8DataFlow7iSourceIfED0Ev
FN:28,_ZN8DataFlow7iSourceIfED2Ev
FNDA:0,_ZN8DataFlow7iSourceIfED0Ev
FNDA:0,_ZN8DataFlow7iSourceIfED2Ev
FNF:2
FNH:0
DA:28,0
LF:1
LH:0
end_of_record
SF:/SharedWithWindows/Projects/diginstrument/inc/iWaveformGenerator.h
FN:67,_ZN5Mixer18iWaveformGeneratorIfED0Ev
FN:67,_ZN5Mixer18iWaveformGeneratorIfED2Ev
FNDA:0,_ZN5Mixer18iWaveformGeneratorIfED0Ev
FNDA:0,_ZN5Mixer18iWaveformGeneratorIfED2Ev
FNF:2
FNH:0
DA:67,0
LF:1
LH:0
end_of_record
SF:/SharedWithWindows/Projects/diginstrument/mixer_test/cheap_square_generator_test.cpp
FN:12,_ZN12_GLOBAL__N_124CheapSquareGeneratorTestD2Ev
FN:15,_ZN12_GLOBAL__N_124CheapSquareGeneratorTest5SetUpEv
FN:16,_ZN12_GLOBAL__N_124CheapSquareGeneratorTest8TearDownEv
FN:20,_ZN12_GLOBAL__N_124CheapSquareGeneratorTestC2Ev
FN:22,_ZN12_GLOBAL__N_142CheapSquareGeneratorTest_getFrequency_Test8TestBodyEv
FN:22,_ZN12_GLOBAL__N_142CheapSquareGeneratorTest_getFrequency_TestD2Ev
FN:22,_ZN12_GLOBAL__N_142CheapSquareGeneratorTest_getFrequency_TestD0Ev
FN:22,_ZN12_GLOBAL__N_142CheapSquareGeneratorTest_getFrequency_TestC2Ev
FN:27,_ZN12_GLOBAL__N_142CheapSquareGeneratorTest_setFrequency_TestD0Ev
FN:27,_ZN12_GLOBAL__N_142CheapSquareGeneratorTest_setFrequency_TestC2Ev
FN:27,_ZN12_GLOBAL__N_142CheapSquareGeneratorTest_setFrequency_TestD2Ev
FN:27,_ZN12_GLOBAL__N_142CheapSquareGeneratorTest_setFrequency_Test8TestBodyEv
FN:34,_ZN12_GLOBAL__N_156CheapSquareGeneratorTest_setFrequencyWithTransition_Test8TestBodyEv
FN:34,_ZN12_GLOBAL__N_156CheapSquareGeneratorTest_setFrequencyWithTransition_TestC2Ev
FN:34,_ZN12_GLOBAL__N_156CheapSquareGeneratorTest_setFrequencyWithTransition_TestD2Ev
FN:34,_ZN12_GLOBAL__N_156CheapSquareGeneratorTest_setFrequencyWithTransition_TestD0Ev
FN:44,_ZN12_GLOBAL__N_137CheapSquareGeneratorTest_getSize_TestC2Ev
FN:44,_ZN12_GLOBAL__N_137CheapSquareGeneratorTest_getSize_Test8TestBodyEv
FN:44,_ZN12_GLOBAL__N_137CheapSquareGeneratorTest_getSize_TestD0Ev
FN:44,_ZN12_GLOBAL__N_137CheapSquareGeneratorTest_getSize_TestD2Ev
FN:57,_ZN12_GLOBAL__N_156CheapSquareGeneratorTest_differentTransitionMethods_Test8TestBodyEv
FN:57,_ZN12_GLOBAL__N_156CheapSquareGeneratorTest_differentTransitionMethods_TestD0Ev
FN:57,_ZN12_GLOBAL__N_156CheapSquareGeneratorTest_differentTransitionMethods_TestD2Ev
FN:57,_ZN12_GLOBAL__N_156CheapSquareGeneratorTest_differentTransitionMethods_TestC2Ev
FN:113,_Z41__static_initialization_and_destruction_0ii
FN:113,_GLOBAL__sub_I_cheap_square_generator_test.cpp
FNDA:5,_ZN12_GLOBAL__N_124CheapSquareGeneratorTestD2Ev
FNDA:5,_ZN12_GLOBAL__N_124CheapSquareGeneratorTest5SetUpEv
FNDA:5,_ZN12_GLOBAL__N_124CheapSquareGeneratorTest8TearDownEv
FNDA:5,_ZN12_GLOBAL__N_124CheapSquareGeneratorTestC2Ev
FNDA:1,_ZN12_GLOBAL__N_142CheapSquareGeneratorTest_getFrequency_TestD0Ev
FNDA:1,_ZN12_GLOBAL__N_142CheapSquareGeneratorTest_getFrequency_TestD2Ev
FNDA:1,_ZN12_GLOBAL__N_142CheapSquareGeneratorTest_getFrequency_Test8TestBodyEv
FNDA:1,_ZN12_GLOBAL__N_142CheapSquareGeneratorTest_getFrequency_TestC2Ev
FNDA:1,_ZN12_GLOBAL__N_142CheapSquareGeneratorTest_setFrequency_TestD0Ev
FNDA:1,_ZN12_GLOBAL__N_142CheapSquareGeneratorTest_setFrequency_TestD2Ev
FNDA:1,_ZN12_GLOBAL__N_142CheapSquareGeneratorTest_setFrequency_Test8TestBodyEv
FNDA:1,_ZN12_GLOBAL__N_142CheapSquareGeneratorTest_setFrequency_TestC2Ev
FNDA:1,_ZN12_GLOBAL__N_156CheapSquareGeneratorTest_setFrequencyWithTransition_TestD0Ev
FNDA:1,_ZN12_GLOBAL__N_156CheapSquareGeneratorTest_setFrequencyWithTransition_TestD2Ev
FNDA:1,_ZN12_GLOBAL__N_156CheapSquareGeneratorTest_setFrequencyWithTransition_Test8TestBodyEv
FNDA:1,_ZN12_GLOBAL__N_156CheapSquareGeneratorTest_setFrequencyWithTransition_TestC2Ev
FNDA:1,_ZN12_GLOBAL__N_137CheapSquareGeneratorTest_getSize_TestD0Ev
FNDA:1,_ZN12_GLOBAL__N_137CheapSquareGeneratorTest_getSize_TestD2Ev
FNDA:1,_ZN12_GLOBAL__N_137CheapSquareGeneratorTest_getSize_Test8TestBodyEv
FNDA:1,_ZN12_GLOBAL__N_137CheapSquareGeneratorTest_getSize_TestC2Ev
FNDA:1,_ZN12_GLOBAL__N_156CheapSquareGeneratorTest_differentTransitionMethods_TestD0Ev
FNDA:1,_ZN12_GLOBAL__N_156CheapSquareGeneratorTest_differentTransitionMethods_TestD2Ev
FNDA:1,_ZN12_GLOBAL__N_156CheapSquareGeneratorTest_differentTransitionMethods_Test8TestBodyEv
FNDA:1,_ZN12_GLOBAL__N_156CheapSquareGeneratorTest_differentTransitionMethods_TestC2Ev
FNDA:1,_GLOBAL__sub_I_cheap_square_generator_test.cpp
FNDA:1,_Z41__static_initialization_and_destruction_0ii
FNF:26
FNH:26
BRDA:20,1,2,5
BRDA:20,1,3,0
BRDA:22,4294967295,5,1
BRDA:22,4294967295,6,0
BRDA:22,0,8,1
BRDA:22,0,9,0
BRDA:22,1,12,1
BRDA:22,1,13,0
BRDA:24,0,1,1
BRDA:24,0,2,0
BRDA:24,1,4,1
BRDA:24,1,5,0
BRDA:24,2,7,1
BRDA:24,2,8,0
BRDA:24,3,11,0
BRDA:24,3,12,1
BRDA:24,4,14,-
BRDA:24,4,15,-
BRDA:24,5,17,-
BRDA:24,5,18,-
BRDA:24,6,20,-
BRDA:24,6,21,-
BRDA:24,7,23,-
BRDA:24,7,24,-
BRDA:27,4294967295,5,1
BRDA:27,4294967295,6,0
BRDA:27,0,8,1
BRDA:27,0,9,0
BRDA:27,1,12,1
BRDA:27,1,13,0
BRDA:30,0,1,1
BRDA:30,0,2,0
BRDA:31,0,1,1
BRDA:31,0,2,0
BRDA:31,1,4,1
BRDA:31,1,5,0
BRDA:31,2,7,1
BRDA:31,2,8,0
BRDA:31,3,11,0
BRDA:31,3,12,1
BRDA:31,4,14,-
BRDA:31,4,15,-
BRDA:31,5,17,-
BRDA:31,5,18,-
BRDA:31,6,20,-
BRDA:31,6,21,-
BRDA:31,7,23,-
BRDA:31,7,24,-
BRDA:34,4294967295,5,1
BRDA:34,4294967295,6,0
BRDA:34,0,8,1
BRDA:34,0,9,0
BRDA:34,1,12,1
BRDA:34,1,13,0
BRDA:38,0,2,1
BRDA:38,0,3,0
BRDA:38,1,6,1
BRDA:38,1,7,0
BRDA:39,4294967295,1,1
BRDA:39,4294967295,2,0
BRDA:40,4294967295,1,1
BRDA:40,4294967295,2,0
BRDA:40,0,4,1
BRDA:40,0,5,0
BRDA:40,1,7,1
BRDA:40,1,8,0
BRDA:40,2,11,0
BRDA:40,2,12,1
BRDA:40,3,14,-
BRDA:40,3,15,-
BRDA:40,4,17,-
BRDA:40,4,18,-
BRDA:40,5,20,-
BRDA:40,5,21,-
BRDA:40,6,23,-
BRDA:40,6,24,-
BRDA:44,4294967295,5,1
BRDA:44,4294967295,6,0
BRDA:44,0,8,1
BRDA:44,0,9,0
BRDA:44,1,12,1
BRDA:44,1,13,0
BRDA:47,0,1,1
BRDA:47,0,2,0
BRDA:48,4294967295,2,1
BRDA:48,4294967295,3,0
BRDA:48,0,5,1
BRDA:48,0,6,0
BRDA:48,1,9,0
BRDA:48,1,10,1
BRDA:48,2,12,-
BRDA:48,2,13,-
BRDA:48,3,15,-
BRDA:48,3,16,-
BRDA:48,4,18,-
BRDA:48,4,19,-
BRDA:48,5,21,-
BRDA:48,5,22,-
BRDA:50,4294967295,1,1
BRDA:50,4294967295,2,0
BRDA:51,4294967295,2,1
BRDA:51,4294967295,3,0
BRDA:51,0,5,1
BRDA:51,0,6,0
BRDA:51,1,9,0
BRDA:51,1,10,1
BRDA:51,2,12,-
BRDA:51,2,13,-
BRDA:51,3,15,-
BRDA:51,3,16,-
BRDA:51,4,18,-
BRDA:51,4,19,-
BRDA:51,5,21,-
BRDA:51,5,22,-
BRDA:53,4294967295,1,1
BRDA:53,4294967295,2,0
BRDA:54,4294967295,2,1
BRDA:54,4294967295,3,0
BRDA:54,0,5,1
BRDA:54,0,6,0
BRDA:54,1,9,0
BRDA:54,1,10,1
BRDA:54,2,12,-
BRDA:54,2,13,-
BRDA:54,3,15,-
BRDA:54,3,16,-
BRDA:54,4,18,-
BRDA:54,4,19,-
BRDA:54,5,21,-
BRDA:54,5,22,-
BRDA:57,4294967295,5,1
BRDA:57,4294967295,6,0
BRDA:57,0,8,1
BRDA:57,0,9,0
BRDA:57,1,12,1
BRDA:57,1,13,0
BRDA:63,0,2,1
BRDA:63,0,3,0
BRDA:63,1,6,1
BRDA:63,1,7,0
BRDA:64,4294967295,1,1
BRDA:64,4294967295,2,0
BRDA:65,4294967295,1,1
BRDA:65,4294967295,2,0
BRDA:65,0,4,1
BRDA:65,0,5,0
BRDA:65,1,7,1
BRDA:65,1,8,0
BRDA:65,2,11,0
BRDA:65,2,12,1
BRDA:65,3,14,-
BRDA:65,3,15,-
BRDA:65,4,17,-
BRDA:65,4,18,-
BRDA:65,5,20,-
BRDA:65,5,21,-
BRDA:65,6,23,-
BRDA:65,6,24,-
BRDA:67,4294967295,2,1
BRDA:67,4294967295,3,0
BRDA:67,0,6,1
BRDA:67,0,7,0
BRDA:68,4294967295,1,1
BRDA:68,4294967295,2,0
BRDA:69,4294967295,1,1
BRDA:69,4294967295,2,0
BRDA:69,0,4,1
BRDA:69,0,5,0
BRDA:69,1,7,1
BRDA:69,1,8,0
BRDA:69,2,11,0
BRDA:69,2,12,1
BRDA:69,3,14,-
BRDA:69,3,15,-
BRDA:69,4,17,-
BRDA:69,4,18,-
BRDA:69,5,20,-
BRDA:69,5,21,-
BRDA:69,6,23,-
BRDA:69,6,24,-
BRDA:71,4294967295,2,1
BRDA:71,4294967295,3,0
BRDA:71,0,6,1
BRDA:71,0,7,0
BRDA:72,4294967295,1,1
BRDA:72,4294967295,2,0
BRDA:73,4294967295,1,1
BRDA:73,4294967295,2,0
BRDA:73,0,4,1
BRDA:73,0,5,0
BRDA:73,1,7,1
BRDA:73,1,8,0
BRDA:73,2,11,0
BRDA:73,2,12,1
BRDA:73,3,14,-
BRDA:73,3,15,-
BRDA:73,4,17,-
BRDA:73,4,18,-
BRDA:73,5,20,-
BRDA:73,5,21,-
BRDA:73,6,23,-
BRDA:73,6,24,-
BRDA:75,4294967295,2,1
BRDA:75,4294967295,3,0
BRDA:75,0,6,1
BRDA:75,0,7,0
BRDA:76,4294967295,1,1
BRDA:76,4294967295,2,0
BRDA:77,4294967295,1,1
BRDA:77,4294967295,2,0
BRDA:77,0,4,1
BRDA:77,0,5,0
BRDA:77,1,7,1
BRDA:77,1,8,0
BRDA:77,2,11,0
BRDA:77,2,12,1
BRDA:77,3,14,-
BRDA:77,3,15,-
BRDA:77,4,17,-
BRDA:77,4,18,-
BRDA:77,5,20,-
BRDA:77,5,21,-
BRDA:77,6,23,-
BRDA:77,6,24,-
BRDA:80,4294967295,2,1
BRDA:80,4294967295,3,0
BRDA:80,0,6,1
BRDA:80,0,7,0
BRDA:81,4294967295,1,1
BRDA:81,4294967295,2,0
BRDA:82,4294967295,1,1
BRDA:82,4294967295,2,0
BRDA:82,0,4,1
BRDA:82,0,5,0
BRDA:82,1,7,1
BRDA:82,1,8,0
BRDA:82,2,11,0
BRDA:82,2,12,1
BRDA:82,3,14,-
BRDA:82,3,15,-
BRDA:82,4,17,-
BRDA:82,4,18,-
BRDA:82,5,20,-
BRDA:82,5,21,-
BRDA:82,6,23,-
BRDA:82,6,24,-
BRDA:84,4294967295,2,1
BRDA:84,4294967295,3,0
BRDA:84,0,6,1
BRDA:84,0,7,0
BRDA:85,4294967295,1,1
BRDA:85,4294967295,2,0
BRDA:86,4294967295,1,1
BRDA:86,4294967295,2,0
BRDA:86,0,4,1
BRDA:86,0,5,0
BRDA:86,1,7,1
BRDA:86,1,8,0
BRDA:86,2,11,0
BRDA:86,2,12,1
BRDA:86,3,14,-
BRDA:86,3,15,-
BRDA:86,4,17,-
BRDA:86,4,18,-
BRDA:86,5,20,-
BRDA:86,5,21,-
BRDA:86,6,23,-
BRDA:86,6,24,-
BRDA:88,4294967295,2,1
BRDA:88,4294967295,3,0
BRDA:88,0,6,1
BRDA:88,0,7,0
BRDA:89,4294967295,1,1
BRDA:89,4294967295,2,0
BRDA:90,4294967295,1,1
BRDA:90,4294967295,2,0
BRDA:90,0,4,1
BRDA:90,0,5,0
BRDA:90,1,7,1
BRDA:90,1,8,0
BRDA:90,2,11,0
BRDA:90,2,12,1
BRDA:90,3,14,-
BRDA:90,3,15,-
BRDA:90,4,17,-
BRDA:90,4,18,-
BRDA:90,5,20,-
BRDA:90,5,21,-
BRDA:90,6,23,-
BRDA:90,6,24,-
BRDA:92,4294967295,2,1
BRDA:92,4294967295,3,0
BRDA:92,0,6,1
BRDA:92,0,7,0
BRDA:93,4294967295,1,1
BRDA:93,4294967295,2,0
BRDA:94,4294967295,1,1
BRDA:94,4294967295,2,0
BRDA:94,0,4,1
BRDA:94,0,5,0
BRDA:94,1,7,1
BRDA:94,1,8,0
BRDA:94,2,11,0
BRDA:94,2,12,1
BRDA:94,3,14,-
BRDA:94,3,15,-
BRDA:94,4,17,-
BRDA:94,4,18,-
BRDA:94,5,20,-
BRDA:94,5,21,-
BRDA:94,6,23,-
BRDA:94,6,24,-
BRDA:97,4294967295,2,1
BRDA:97,4294967295,3,0
BRDA:97,0,6,1
BRDA:97,0,7,0
BRDA:98,4294967295,1,1
BRDA:98,4294967295,2,0
BRDA:99,4294967295,1,1
BRDA:99,4294967295,2,0
BRDA:99,0,4,1
BRDA:99,0,5,0
BRDA:99,1,7,1
BRDA:99,1,8,0
BRDA:99,2,11,0
BRDA:99,2,12,1
BRDA:99,3,14,-
BRDA:99,3,15,-
BRDA:99,4,17,-
BRDA:99,4,18,-
BRDA:99,5,20,-
BRDA:99,5,21,-
BRDA:99,6,23,-
BRDA:99,6,24,-
BRDA:101,4294967295,2,1
BRDA:101,4294967295,3,0
BRDA:101,0,6,1
BRDA:101,0,7,0
BRDA:102,4294967295,1,1
BRDA:102,4294967295,2,0
BRDA:103,4294967295,1,1
BRDA:103,4294967295,2,0
BRDA:103,0,4,1
BRDA:103,0,5,0
BRDA:103,1,7,1
BRDA:103,1,8,0
BRDA:103,2,11,0
BRDA:103,2,12,1
BRDA:103,3,14,-
BRDA:103,3,15,-
BRDA:103,4,17,-
BRDA:103,4,18,-
BRDA:103,5,20,-
BRDA:103,5,21,-
BRDA:103,6,23,-
BRDA:103,6,24,-
BRDA:105,4294967295,2,1
BRDA:105,4294967295,3,0
BRDA:105,0,6,1
BRDA:105,0,7,0
BRDA:106,4294967295,1,1
BRDA:106,4294967295,2,0
BRDA:107,4294967295,1,1
BRDA:107,4294967295,2,0
BRDA:107,0,4,1
BRDA:107,0,5,0
BRDA:107,1,7,1
BRDA:107,1,8,0
BRDA:107,2,11,0
BRDA:107,2,12,1
BRDA:107,3,14,-
BRDA:107,3,15,-
BRDA:107,4,17,-
BRDA:107,4,18,-
BRDA:107,5,20,-
BRDA:107,5,21,-
BRDA:107,6,23,-
BRDA:107,6,24,-
BRDA:109,4294967295,2,1
BRDA:109,4294967295,3,0
BRDA:109,0,6,1
BRDA:109,0,7,0
BRDA:110,4294967295,1,1
BRDA:110,4294967295,2,0
BRDA:111,4294967295,1,1
BRDA:111,4294967295,2,0
BRDA:111,0,4,1
BRDA:111,0,5,0
BRDA:111,1,7,1
BRDA:111,1,8,0
BRDA:111,2,11,0
BRDA:111,2,12,1
BRDA:111,3,14,-
BRDA:111,3,15,-
BRDA:111,4,17,-
BRDA:111,4,18,-
BRDA:111,5,20,-
BRDA:111,5,21,-
BRDA:111,6,23,-
BRDA:111,6,24,-
BRDA:113,3,1,1
BRDA:113,3,2,0
BRDA:113,4,3,1
BRDA:113,4,4,0
BRF:404
BRH:130
DA:12,10
DA:15,5
DA:16,5
DA:20,5
DA:22,8
DA:24,1
DA:25,1
DA:27,8
DA:29,1
DA:30,1
DA:31,1
DA:32,1
DA:34,8
DA:36,1
DA:37,1
DA:38,1
DA:39,1
DA:40,1
DA:41,1
DA:44,8
DA:46,1
DA:47,2
DA:48,1
DA:49,1
DA:50,1
DA:51,1
DA:52,1
DA:53,1
DA:54,1
DA:55,1
DA:57,8
DA:59,1
DA:61,1
DA:63,1
DA:64,1
DA:65,1
DA:66,1
DA:67,1
DA:68,1
DA:69,1
DA:70,1
DA:71,1
DA:72,1
DA:73,1
DA:74,1
DA:75,1
DA:76,1
DA:77,1
DA:78,1
DA:80,1
DA:81,1
DA:82,1
DA:83,1
DA:84,1
DA:85,1
DA:86,1
DA:87,1
DA:88,1
DA:89,1
DA:90,1
DA:91,1
DA:92,1
DA:93,1
DA:94,1
DA:95,1
DA:97,1
DA:98,1
DA:99,1
DA:100,1
DA:101,1
DA:102,1
DA:103,1
DA:104,1
DA:105,1
DA:106,1
DA:107,1
DA:108,1
DA:109,1
DA:110,1
DA:111,1
DA:112,1
DA:113,4
LF:82
LH:82
end_of_record
TN:
SF:/SharedWithWindows/Projects/diginstrument/inc/Clipping.h
FN:20,_ZN8Clipping4SoftIfEclERKf
FN:48,_ZN8Clipping4HardIfEclERKf
FNDA:6,_ZN8Clipping4SoftIfEclERKf
FNDA:8,_ZN8Clipping4HardIfEclERKf
FNF:2
FNH:2
BRDA:22,0,0,4
BRDA:22,0,1,2
BRDA:22,1,2,2
BRDA:22,1,3,2
BRDA:50,0,0,2
BRDA:50,0,1,6
BRDA:56,0,0,2
BRDA:56,0,1,4
BRF:8
BRH:8
DA:20,6
DA:22,6
DA:24,4
DA:27,2
DA:48,8
DA:50,8
DA:52,2
DA:56,6
DA:58,2
DA:61,4
LF:10
LH:10
end_of_record
SF:/SharedWithWindows/Projects/diginstrument/mixer_test/clipping_test.cpp
FN:8,_ZN12_GLOBAL__N_112ClippingTestD2Ev
FN:11,_ZN12_GLOBAL__N_112ClippingTest5SetUpEv
FN:12,_ZN12_GLOBAL__N_112ClippingTest8TearDownEv
FN:14,_ZN12_GLOBAL__N_112ClippingTestC2Ev
FN:17,_ZN12_GLOBAL__N_122ClippingTest_Hard_TestD2Ev
FN:17,_ZN12_GLOBAL__N_122ClippingTest_Hard_Test8TestBodyEv
FN:17,_ZN12_GLOBAL__N_122ClippingTest_Hard_TestC2Ev
FN:17,_ZN12_GLOBAL__N_122ClippingTest_Hard_TestD0Ev
FN:30,_ZN12_GLOBAL__N_122ClippingTest_Soft_TestD0Ev
FN:30,_ZN12_GLOBAL__N_122ClippingTest_Soft_TestC2Ev
FN:30,_ZN12_GLOBAL__N_122ClippingTest_Soft_Test8TestBodyEv
FN:30,_ZN12_GLOBAL__N_122ClippingTest_Soft_TestD2Ev
FN:40,_Z41__static_initialization_and_destruction_0ii
FN:40,_GLOBAL__sub_I_clipping_test.cpp
FNDA:2,_ZN12_GLOBAL__N_112ClippingTestD2Ev
FNDA:2,_ZN12_GLOBAL__N_112ClippingTest5SetUpEv
FNDA:2,_ZN12_GLOBAL__N_112ClippingTest8TearDownEv
FNDA:2,_ZN12_GLOBAL__N_112ClippingTestC2Ev
FNDA:1,_ZN12_GLOBAL__N_122ClippingTest_Hard_TestD0Ev
FNDA:1,_ZN12_GLOBAL__N_122ClippingTest_Hard_TestD2Ev
FNDA:1,_ZN12_GLOBAL__N_122ClippingTest_Hard_Test8TestBodyEv
FNDA:1,_ZN12_GLOBAL__N_122ClippingTest_Hard_TestC2Ev
FNDA:1,_ZN12_GLOBAL__N_122ClippingTest_Soft_TestD0Ev
FNDA:1,_ZN12_GLOBAL__N_122ClippingTest_Soft_TestD2Ev
FNDA:1,_ZN12_GLOBAL__N_122ClippingTest_Soft_Test8TestBodyEv
FNDA:1,_ZN12_GLOBAL__N_122ClippingTest_Soft_TestC2Ev
FNDA:1,_GLOBAL__sub_I_clipping_test.cpp
FNDA:1,_Z41__static_initialization_and_destruction_0ii
FNF:14
FNH:14
BRDA:17,4294967295,5,1
BRDA:17,4294967295,6,0
BRDA:17,0,8,1
BRDA:17,0,9,0
BRDA:17,1,12,1
BRDA:17,1,13,0
BRDA:20,0,2,1
BRDA:20,0,3,0
BRDA:20,1,5,1
BRDA:20,1,6,0
BRDA:20,2,9,0
BRDA:20,2,10,1
BRDA:20,3,12,-
BRDA:20,3,13,-
BRDA:20,4,15,-
BRDA:20,4,16,-
BRDA:20,5,18,-
BRDA:20,5,19,-
BRDA:20,6,21,-
BRDA:20,6,22,-
BRDA:21,4294967295,2,1
BRDA:21,4294967295,3,0
BRDA:21,0,5,1
BRDA:21,0,6,0
BRDA:21,1,9,0
BRDA:21,1,10,1
BRDA:21,2,12,-
BRDA:21,2,13,-
BRDA:21,3,15,-
BRDA:21,3,16,-
BRDA:21,4,18,-
BRDA:21,4,19,-
BRDA:21,5,21,-
BRDA:21,5,22,-
BRDA:22,4294967295,2,1
BRDA:22,4294967295,3,0
BRDA:22,0,5,1
BRDA:22,0,6,0
BRDA:22,1,9,0
BRDA:22,1,10,1
BRDA:22,2,12,-
BRDA:22,2,13,-
BRDA:22,3,15,-
BRDA:22,3,16,-
BRDA:22,4,18,-
BRDA:22,4,19,-
BRDA:22,5,21,-
BRDA:22,5,22,-
BRDA:23,4294967295,2,1
BRDA:23,4294967295,3,0
BRDA:23,0,5,1
BRDA:23,0,6,0
BRDA:23,1,9,0
BRDA:23,1,10,1
BRDA:23,2,12,-
BRDA:23,2,13,-
BRDA:23,3,15,-
BRDA:23,3,16,-
BRDA:23,4,18,-
BRDA:23,4,19,-
BRDA:23,5,21,-
BRDA:23,5,22,-
BRDA:24,4294967295,2,1
BRDA:24,4294967295,3,0
BRDA:24,0,5,1
BRDA:24,0,6,0
BRDA:24,1,9,0
BRDA:24,1,10,1
BRDA:24,2,12,-
BRDA:24,2,13,-
BRDA:24,3,15,-
BRDA:24,3,16,-
BRDA:24,4,18,-
BRDA:24,4,19,-
BRDA:24,5,21,-
BRDA:24,5,22,-
BRDA:25,4294967295,2,1
BRDA:25,4294967295,3,0
BRDA:25,0,5,1
BRDA:25,0,6,0
BRDA:25,1,9,0
BRDA:25,1,10,1
BRDA:25,2,12,-
BRDA:25,2,13,-
BRDA:25,3,15,-
BRDA:25,3,16,-
BRDA:25,4,18,-
BRDA:25,4,19,-
BRDA:25,5,21,-
BRDA:25,5,22,-
BRDA:26,4294967295,2,1
BRDA:26,4294967295,3,0
BRDA:26,0,5,1
BRDA:26,0,6,0
BRDA:26,1,9,0
BRDA:26,1,10,1
BRDA:26,2,12,-
BRDA:26,2,13,-
BRDA:26,3,15,-
BRDA:26,3,16,-
BRDA:26,4,18,-
BRDA:26,4,19,-
BRDA:26,5,21,-
BRDA:26,5,22,-
BRDA:27,4294967295,2,1
BRDA:27,4294967295,3,0
BRDA:27,0,5,1
BRDA:27,0,6,0
BRDA:27,1,9,0
BRDA:27,1,10,1
BRDA:27,2,12,-
BRDA:27,2,13,-
BRDA:27,3,15,-
BRDA:27,3,16,-
BRDA:27,4,18,-
BRDA:27,4,19,-
BRDA:27,5,21,-
BRDA:27,5,22,-
BRDA:30,4294967295,5,1
BRDA:30,4294967295,6,0
BRDA:30,0,8,1
BRDA:30,0,9,0
BRDA:30,1,12,1
BRDA:30,1,13,0
BRDA:33,0,2,1
BRDA:33,0,3,0
BRDA:33,1,5,1
BRDA:33,1,6,0
BRDA:33,2,9,0
BRDA:33,2,10,1
BRDA:33,3,12,-
BRDA:33,3,13,-
BRDA:33,4,15,-
BRDA:33,4,16,-
BRDA:33,5,18,-
BRDA:33,5,19,-
BRDA:33,6,21,-
BRDA:33,6,22,-
BRDA:34,4294967295,2,1
BRDA:34,4294967295,3,0
BRDA:34,0,5,1
BRDA:34,0,6,0
BRDA:34,1,9,0
BRDA:34,1,10,1
BRDA:34,2,12,-
BRDA:34,2,13,-
BRDA:34,3,15,-
BRDA:34,3,16,-
BRDA:34,4,18,-
BRDA:34,4,19,-
BRDA:34,5,21,-
BRDA:34,5,22,-
BRDA:35,4294967295,2,1
BRDA:35,4294967295,3,0
BRDA:35,0,5,1
BRDA:35,0,6,0
BRDA:35,1,9,0
BRDA:35,1,10,1
BRDA:35,2,12,-
BRDA:35,2,13,-
BRDA:35,3,15,-
BRDA:35,3,16,-
BRDA:35,4,18,-
BRDA:35,4,19,-
BRDA:35,5,21,-
BRDA:35,5,22,-
BRDA:36,4294967295,2,1
BRDA:36,4294967295,3,0
BRDA:36,0,5,1
BRDA:36,0,6,0
BRDA:36,1,9,0
BRDA:36,1,10,1
BRDA:36,2,12,-
BRDA:36,2,13,-
BRDA:36,3,15,-
BRDA:36,3,16,-
BRDA:36,4,18,-
BRDA:36,4,19,-
BRDA:36,5,21,-
BRDA:36,5,22,-
BRDA:37,4294967295,2,1
BRDA:37,4294967295,3,0
BRDA:37,0,5,1
BRDA:37,0,6,0
BRDA:37,1,9,0
BRDA:37,1,10,1
BRDA:37,2,12,-
BRDA:37,2,13,-
BRDA:37,3,15,-
BRDA:37,3,16,-
BRDA:37,4,18,-
BRDA:37,4,19,-
BRDA:37,5,21,-
BRDA:37,5,22,-
BRDA:38,4294967295,2,1
BRDA:38,4294967295,3,0
BRDA:38,0,5,1
BRDA:38,0,6,0
BRDA:38,1,9,0
BRDA:38,1,10,1
BRDA:38,2,12,-
BRDA:38,2,13,-
BRDA:38,3,15,-
BRDA:38,3,16,-
BRDA:38,4,18,-
BRDA:38,4,19,-
BRDA:38,5,21,-
BRDA:38,5,22,-
BRDA:40,3,1,1
BRDA:40,3,2,0
BRDA:40,4,3,1
BRDA:40,4,4,0
BRF:212
BRH:50
DA:8,4
DA:11,2
DA:12,2
DA:14,4
DA:17,8
DA:20,1
DA:21,1
DA:22,1
DA:23,1
DA:24,1
DA:25,1
DA:26,1
DA:27,1
DA:28,1
DA:30,8
DA:33,1
DA:34,1
DA:35,1
DA:36,1
DA:37,1
DA:38,1
DA:39,1
DA:40,4
LF:23
LH:23
end_of_record
TN:
SF:/SharedWithWindows/Projects/diginstrument/inc/Multiplexer.h
FN:17,_ZN5Mixer11MultiplexerIfED0Ev
FN:17,_ZN5Mixer11MultiplexerIfED2Ev
FN:76,_ZN5Mixer11MultiplexerIfEC2Ej
FNDA:0,_ZN5Mixer11MultiplexerIfED0Ev
FNDA:8,_ZN5Mixer11MultiplexerIfED2Ev
FNDA:7,_ZN5Mixer11MultiplexerIfEC2Ej
FNF:3
FNH:2
DA:17,16
DA:76,14
LF:2
LH:2
end_of_record
SF:/SharedWithWindows/Projects/diginstrument/inc/QueueBuffer.h
FN:13,_ZN8DataFlow11QueueBufferIfEC2Ev
FN:13,_ZN8DataFlow11QueueBufferIfED2Ev
FN:13,_ZN8DataFlow11QueueBufferIfED0Ev
FNDA:0,_ZN8DataFlow11QueueBufferIfED0Ev
FNDA:13,_ZN8DataFlow11QueueBufferIfED2Ev
FNDA:13,_ZN8DataFlow11QueueBufferIfEC2Ev
FNF:3
FNH:2
BRDA:13,5,6,13
BRDA:13,5,7,0
BRDA:13,6,9,13
BRDA:13,6,10,0
BRF:4
BRH:2
DA:13,39
LF:1
LH:1
end_of_record
SF:/SharedWithWindows/Projects/diginstrument/inc/RepeatingBuffer.h
FN:15,_ZN8DataFlow15RepeatingBufferIfED2Ev
FN:15,_ZN8DataFlow15RepeatingBufferIfED0Ev
FNDA:0,_ZN8DataFlow15RepeatingBufferIfED0Ev
FNDA:0,_ZN8DataFlow15RepeatingBufferIfED2Ev
FNF:2
FNH:0
DA:15,0
LF:1
LH:0
end_of_record
SF:/SharedWithWindows/Projects/diginstrument/inc/iBuffer.h
FN:11,_ZN8DataFlow7iBufferIfEC2Ev
FN:23,_ZN8DataFlow7iBufferIfED0Ev
FN:23,_ZN8DataFlow7iBufferIfED2Ev
FNDA:65,_ZN8DataFlow7iBufferIfEC2Ev
FNDA:0,_ZN8DataFlow7iBufferIfED0Ev
FNDA:0,_ZN8DataFlow7iBufferIfED2Ev
FNF:3
FNH:1
DA:11,130
DA:23,0
LF:2
LH:1
end_of_record
SF:/SharedWithWindows/Projects/diginstrument/inc/iSource.h
FN:15,_ZN8DataFlow7iSourceIfEC2Ev
FN:28,_ZN8DataFlow7iSourceIfED0Ev
FN:28,_ZN8DataFlow7iSourceIfED2Ev
FNDA:0,_ZN8DataFlow7iSourceIfEC2Ev
FNDA:0,_ZN8DataFlow7iSourceIfED0Ev
FNDA:0,_ZN8DataFlow7iSourceIfED2Ev
FNF:3
FNH:0
DA:15,0
DA:28,0
LF:2
LH:0
end_of_record
SF:/SharedWithWindows/Projects/diginstrument/mixer_test/combined_vorbis_test.cpp
FN:17,_ZN12_GLOBAL__N_118CombinedVorbisTestD2Ev
FN:20,_ZN12_GLOBAL__N_118CombinedVorbisTest5SetUpEv
FN:21,_ZN12_GLOBAL__N_118CombinedVorbisTest8TearDownEv
FN:25,_ZN12_GLOBAL__N_118CombinedVorbisTestC2Ev
FN:28,_ZN12_GLOBAL__N_140CombinedVorbisTest_EncodeThenDecode_TestC2Ev
FN:28,_ZN12_GLOBAL__N_140CombinedVorbisTest_EncodeThenDecode_Test8TestBodyEv
FN:28,_ZN12_GLOBAL__N_140CombinedVorbisTest_EncodeThenDecode_TestD0Ev
FN:28,_ZN12_GLOBAL__N_140CombinedVorbisTest_EncodeThenDecode_TestD2Ev
FN:89,_GLOBAL__sub_I_combined_vorbis_test.cpp
FN:89,_Z41__static_initialization_and_destruction_0ii
FNDA:1,_ZN12_GLOBAL__N_118CombinedVorbisTestD2Ev
FNDA:1,_ZN12_GLOBAL__N_118CombinedVorbisTest5SetUpEv
FNDA:1,_ZN12_GLOBAL__N_118CombinedVorbisTest8TearDownEv
FNDA:1,_ZN12_GLOBAL__N_118CombinedVorbisTestC2Ev
FNDA:1,_ZN12_GLOBAL__N_140CombinedVorbisTest_EncodeThenDecode_TestD0Ev
FNDA:1,_ZN12_GLOBAL__N_140CombinedVorbisTest_EncodeThenDecode_TestD2Ev
FNDA:1,_ZN12_GLOBAL__N_140CombinedVorbisTest_EncodeThenDecode_Test8TestBodyEv
FNDA:1,_ZN12_GLOBAL__N_140CombinedVorbisTest_EncodeThenDecode_TestC2Ev
FNDA:1,_GLOBAL__sub_I_combined_vorbis_test.cpp
FNDA:1,_Z41__static_initialization_and_destruction_0ii
FNF:10
FNH:10
BRDA:25,1,3,1
BRDA:25,1,4,0
BRDA:25,2,7,1
BRDA:25,2,8,0
BRDA:25,3,14,1
BRDA:25,3,15,0
BRDA:25,4,18,1
BRDA:25,4,19,0
BRDA:28,4294967295,5,1
BRDA:28,4294967295,6,0
BRDA:28,0,8,1
BRDA:28,0,9,0
BRDA:28,1,12,1
BRDA:28,1,13,0
BRDA:30,0,2,1
BRDA:30,0,3,0
BRDA:35,4294967295,1,1
BRDA:35,4294967295,2,0
BRDA:36,0,1,1
BRDA:36,0,2,0
BRDA:38,0,1,1
BRDA:38,0,2,0
BRDA:39,0,1,1
BRDA:39,0,2,0
BRDA:39,1,4,1
BRDA:39,1,5,0
BRDA:39,2,7,1
BRDA:39,2,8,0
BRDA:39,3,11,0
BRDA:39,3,12,1
BRDA:39,4,14,-
BRDA:39,4,15,-
BRDA:39,5,17,-
BRDA:39,5,18,-
BRDA:39,6,21,-
BRDA:39,6,22,-
BRDA:39,7,24,-
BRDA:39,7,25,-
BRDA:40,4294967295,2,1
BRDA:40,4294967295,3,0
BRDA:40,0,7,1
BRDA:40,0,8,0
BRDA:40,1,11,1
BRDA:40,1,12,0
BRDA:41,4294967295,2,1
BRDA:41,4294967295,3,0
BRDA:41,0,7,1
BRDA:41,0,8,0
BRDA:41,1,11,1
BRDA:41,1,12,0
BRDA:42,4294967295,1,1
BRDA:42,4294967295,2,0
BRDA:42,0,4,1
BRDA:42,0,5,0
BRDA:42,1,7,1
BRDA:42,1,8,0
BRDA:42,2,11,0
BRDA:42,2,12,1
BRDA:42,3,14,-
BRDA:42,3,15,-
BRDA:42,4,17,-
BRDA:42,4,18,-
BRDA:42,5,20,-
BRDA:42,5,21,-
BRDA:42,6,23,-
BRDA:42,6,24,-
BRDA:43,4294967295,1,1
BRDA:43,4294967295,2,0
BRDA:43,0,5,1
BRDA:43,0,6,0
BRDA:44,4294967295,1,1
BRDA:44,4294967295,2,0
BRDA:44,0,4,1
BRDA:44,0,5,0
BRDA:44,1,7,1
BRDA:44,1,8,0
BRDA:44,2,11,0
BRDA:44,2,12,1
BRDA:44,3,14,-
BRDA:44,3,15,-
BRDA:44,4,17,-
BRDA:44,4,18,-
BRDA:44,5,21,-
BRDA:44,5,22,-
BRDA:44,6,24,-
BRDA:44,6,25,-
BRDA:46,4294967295,1,1
BRDA:46,4294967295,2,0
BRDA:47,0,1,1
BRDA:47,0,2,0
BRDA:47,1,4,1
BRDA:47,1,5,0
BRDA:47,2,7,1
BRDA:47,2,8,0
BRDA:47,3,11,0
BRDA:47,3,12,1
BRDA:47,4,14,-
BRDA:47,4,15,-
BRDA:47,5,17,-
BRDA:47,5,18,-
BRDA:47,6,21,-
BRDA:47,6,22,-
BRDA:47,7,24,-
BRDA:47,7,25,-
BRDA:48,4294967295,1,1
BRDA:48,4294967295,2,0
BRDA:51,0,1,1
BRDA:51,0,2,0
BRDA:51,1,4,1
BRDA:51,1,5,0
BRDA:51,2,7,1
BRDA:51,2,8,0
BRDA:51,3,10,1
BRDA:51,3,11,0
BRDA:51,4,14,0
BRDA:51,4,15,1
BRDA:51,5,17,-
BRDA:51,5,18,-
BRDA:51,6,20,-
BRDA:51,6,21,-
BRDA:51,7,23,-
BRDA:51,7,24,-
BRDA:51,8,26,-
BRDA:51,8,27,-
BRDA:52,4294967295,1,1
BRDA:52,4294967295,2,0
BRDA:52,0,4,1
BRDA:52,0,5,0
BRDA:52,1,7,1
BRDA:52,1,8,0
BRDA:52,2,10,1
BRDA:52,2,11,0
BRDA:52,3,14,0
BRDA:52,3,15,1
BRDA:52,4,17,-
BRDA:52,4,18,-
BRDA:52,5,20,-
BRDA:52,5,21,-
BRDA:52,6,23,-
BRDA:52,6,24,-
BRDA:52,7,26,-
BRDA:52,7,27,-
BRDA:55,4294967295,1,1
BRDA:55,4294967295,2,0
BRDA:55,0,4,1
BRDA:55,0,5,0
BRDA:56,4294967295,2,1
BRDA:56,4294967295,3,0
BRDA:56,0,5,1
BRDA:56,0,6,0
BRDA:56,1,9,0
BRDA:56,1,10,1
BRDA:56,2,12,-
BRDA:56,2,13,-
BRDA:56,3,15,-
BRDA:56,3,16,-
BRDA:56,4,18,-
BRDA:56,4,19,-
BRDA:56,5,21,-
BRDA:56,5,22,-
BRDA:57,4294967295,2,1
BRDA:57,4294967295,3,0
BRDA:57,0,5,1
BRDA:57,0,6,0
BRDA:57,1,9,0
BRDA:57,1,10,1
BRDA:57,2,12,-
BRDA:57,2,13,-
BRDA:57,3,15,-
BRDA:57,3,16,-
BRDA:57,4,18,-
BRDA:57,4,19,-
BRDA:57,5,21,-
BRDA:57,5,22,-
BRDA:59,4294967295,1,1
BRDA:59,4294967295,2,0
BRDA:60,0,1,1
BRDA:60,0,2,0
BRDA:61,0,1,1875
BRDA:61,0,2,1
BRDA:62,0,1,1875
BRDA:62,0,2,0
BRDA:62,1,4,1875
BRDA:62,1,5,0
BRDA:63,4294967295,1,1875
BRDA:63,4294967295,2,0
BRDA:67,0,1,1
BRDA:67,0,2,0
BRDA:67,1,4,1
BRDA:67,1,5,0
BRDA:67,2,8,1
BRDA:67,2,9,0
BRDA:67,3,11,1
BRDA:67,3,12,0
BRDA:67,4,16,0
BRDA:67,4,17,1
BRDA:67,5,19,-
BRDA:67,5,20,-
BRDA:67,6,22,-
BRDA:67,6,23,-
BRDA:67,7,25,-
BRDA:67,7,26,-
BRDA:67,8,28,-
BRDA:67,8,29,-
BRDA:71,4294967295,1,1
BRDA:71,4294967295,2,0
BRDA:71,0,4,1
BRDA:71,0,5,0
BRDA:71,1,7,1
BRDA:71,1,8,0
BRDA:71,2,11,0
BRDA:71,2,12,1
BRDA:71,3,14,-
BRDA:71,3,15,-
BRDA:71,4,17,-
BRDA:71,4,18,-
BRDA:71,5,20,-
BRDA:71,5,21,-
BRDA:71,6,23,-
BRDA:71,6,24,-
BRDA:76,4294967295,1,1
BRDA:76,4294967295,2,0
BRDA:76,0,4,1
BRDA:76,0,5,0
BRDA:76,2,11,960000
BRDA:76,2,12,1
BRDA:77,4294967295,1,960000
BRDA:77,4294967295,2,0
BRDA:77,0,4,960000
BRDA:77,0,5,0
BRDA:77,1,8,0
BRDA:77,1,9,960000
BRDA:77,2,11,-
BRDA:77,2,12,-
BRDA:77,3,14,-
BRDA:77,3,15,-
BRDA:77,4,17,-
BRDA:77,4,18,-
BRDA:77,5,20,-
BRDA:77,5,21,-
BRDA:78,4294967295,0,480000
BRDA:78,4294967295,1,480000
BRDA:86,4294967295,1,1
BRDA:86,4294967295,2,0
BRDA:89,3,1,1
BRDA:89,3,2,0
BRDA:89,4,3,1
BRDA:89,4,4,0
BRF:248
BRH:83
DA:17,2
DA:20,1
DA:21,1
DA:25,1
DA:28,8
DA:30,2
DA:32,1
DA:34,2
DA:35,1
DA:36,1
DA:38,2
DA:39,1
DA:40,1
DA:41,1
DA:42,1
DA:43,1
DA:44,1
DA:46,2
DA:47,1
DA:48,1
DA:51,1
DA:52,1
DA:55,2
DA:56,1
DA:57,1
DA:59,2
DA:60,2
DA:61,1876
DA:62,1875
DA:63,1875
DA:67,1
DA:71,1
DA:74,1
DA:75,1
DA:76,960001
DA:77,960000
DA:78,960000
DA:79,480000
DA:82,480000
DA:86,1
DA:87,1
DA:88,1
DA:89,4
LF:43
LH:43
end_of_record
TN:
SF:/SharedWithWindows/Projects/diginstrument/inc/ComplexWaveformGenerator.h
FN:35,_ZN5Mixer24ComplexWaveformGeneratorIfED2Ev
FN:35,_ZN5Mixer24ComplexWaveformGeneratorIfED0Ev
FNDA:0,_ZN5Mixer24ComplexWaveformGeneratorIfED0Ev
FNDA:8,_ZN5Mixer24ComplexWaveformGeneratorIfED2Ev
FNF:2
FNH:1
DA:35,16
LF:1
LH:1
end_of_record
SF:/SharedWithWindows/Projects/diginstrument/inc/ConsolidationMethods.h
FN:19,_ZN13Consolidation12AccumulationIfED2Ev
FN:19,_ZN13Consolidation12AccumulationIfED0Ev
FNDA:0,_ZN13Consolidation12AccumulationIfED0Ev
FNDA:21,_ZN13Consolidation12AccumulationIfED2Ev
FNF:2
FNH:1
DA:19,42
LF:1
LH:1
end_of_record
SF:/SharedWithWindows/Projects/diginstrument/inc/Consolidator.h
FN:20,_ZN8DataFlow12ConsolidatorIfN13Consolidation12AccumulationEED2Ev
FN:20,_ZN8DataFlow12ConsolidatorIfN13Consolidation12AccumulationEED0Ev
FN:60,_ZN8DataFlow12ConsolidatorIfN13Consolidation12AccumulationEE3getERKj
FNDA:0,_ZN8DataFlow12ConsolidatorIfN13Consolidation12AccumulationEED0Ev
FNDA:21,_ZN8DataFlow12ConsolidatorIfN13Consolidation12AccumulationEED2Ev
FNDA:14,_ZN8DataFlow12ConsolidatorIfN13Consolidation12AccumulationEE3getERKj
FNF:3
FNH:2
BRDA:61,0,4,14
BRDA:61,0,5,0
BRDA:62,0,1,602
BRDA:62,0,2,14
BRDA:63,0,4,602
BRDA:63,0,5,0
BRF:6
BRH:4
DA:20,42
DA:60,14
DA:61,14
DA:62,616
DA:63,602
DA:65,14
LF:6
LH:6
end_of_record
SF:/SharedWithWindows/Projects/diginstrument/inc/iConsolidationMethod.h
FN:41,_ZN8DataFlow20iConsolidationMethodIfED0Ev
FN:41,_ZN8DataFlow20iConsolidationMethodIfED2Ev
FNDA:0,_ZN8DataFlow20iConsolidationMethodIfED0Ev
FNDA:24,_ZN8DataFlow20iConsolidationMethodIfED2Ev
FNF:2
FNH:1
DA:41,24
LF:1
LH:1
end_of_record
SF:/SharedWithWindows/Projects/diginstrument/inc/iSource.h
FN:28,_ZN8DataFlow7iSourceIfED0Ev
FN:28,_ZN8DataFlow7iSourceIfED2Ev
FNDA:0,_ZN8DataFlow7iSourceIfED0Ev
FNDA:0,_ZN8DataFlow7iSourceIfED2Ev
FNF:2
FNH:0
DA:28,0
LF:1
LH:0
end_of_record
SF:/SharedWithWindows/Projects/diginstrument/mixer_test/complex_waveform_generator_test.cpp
FN:10,_ZN12_GLOBAL__N_128ComplexWaveformGeneratorTestD2Ev
FN:13,_ZN12_GLOBAL__N_128ComplexWaveformGeneratorTest5SetUpEv
FN:14,_ZN12_GLOBAL__N_128ComplexWaveformGeneratorTest8TearDownEv
FN:18,_ZN12_GLOBAL__N_128ComplexWaveformGeneratorTestC2Ev
FN:20,_ZN12_GLOBAL__N_156ComplexWaveformGeneratorTest_SilentWithNoComponents_Test8TestBodyEv
FN:20,_ZN12_GLOBAL__N_156ComplexWaveformGeneratorTest_SilentWithNoComponents_TestD0Ev
FN:20,_ZN12_GLOBAL__N_156ComplexWaveformGeneratorTest_SilentWithNoComponents_TestC2Ev
FN:20,_ZN12_GLOBAL__N_156ComplexWaveformGeneratorTest_SilentWithNoComponents_TestD2Ev
FN:28,_ZN12_GLOBAL__N_152ComplexWaveformGeneratorTest_SetAndGetComponent_Test8TestBodyEv
FN:28,_ZN12_GLOBAL__N_152ComplexWaveformGeneratorTest_SetAndGetComponent_TestD2Ev
FN:28,_ZN12_GLOBAL__N_152ComplexWaveformGeneratorTest_SetAndGetComponent_TestD0Ev
FN:28,_ZN12_GLOBAL__N_152ComplexWaveformGeneratorTest_SetAndGetComponent_TestC2Ev
FN:36,_ZN12_GLOBAL__N_154ComplexWaveformGeneratorTest_SetExistingComponent_TestD0Ev
FN:36,_ZN12_GLOBAL__N_154ComplexWaveformGeneratorTest_SetExistingComponent_Test8TestBodyEv
FN:36,_ZN12_GLOBAL__N_154ComplexWaveformGeneratorTest_SetExistingComponent_TestD2Ev
FN:36,_ZN12_GLOBAL__N_154ComplexWaveformGeneratorTest_SetExistingComponent_TestC2Ev
FN:46,_ZN12_GLOBAL__N_166ComplexWaveformGeneratorTest_SetAndGetComponentWithTransition_Test8TestBodyEv
FN:46,_ZN12_GLOBAL__N_166ComplexWaveformGeneratorTest_SetAndGetComponentWithTransition_TestD0Ev
FN:46,_ZN12_GLOBAL__N_166ComplexWaveformGeneratorTest_SetAndGetComponentWithTransition_TestD2Ev
FN:46,_ZN12_GLOBAL__N_166ComplexWaveformGeneratorTest_SetAndGetComponentWithTransition_TestC2Ev
FN:58,_ZN12_GLOBAL__N_161ComplexWaveformGeneratorTest_NotPresentComponentIsSilent_TestC2Ev
FN:58,_ZN12_GLOBAL__N_161ComplexWaveformGeneratorTest_NotPresentComponentIsSilent_TestD0Ev
FN:58,_ZN12_GLOBAL__N_161ComplexWaveformGeneratorTest_NotPresentComponentIsSilent_TestD2Ev
FN:58,_ZN12_GLOBAL__N_161ComplexWaveformGeneratorTest_NotPresentComponentIsSilent_Test8TestBodyEv
FN:63,_ZN12_GLOBAL__N_141ComplexWaveformGeneratorTest_getSize_Test8TestBodyEv
FN:63,_ZN12_GLOBAL__N_141ComplexWaveformGeneratorTest_getSize_TestD0Ev
FN:63,_ZN12_GLOBAL__N_141ComplexWaveformGeneratorTest_getSize_TestD2Ev
FN:63,_ZN12_GLOBAL__N_141ComplexWaveformGeneratorTest_getSize_TestC2Ev
FN:76,_ZN12_GLOBAL__N_162ComplexWaveformGeneratorTest_SetComponentsWithConstructor_Test8TestBodyEv
FN:76,_ZN12_GLOBAL__N_162ComplexWaveformGeneratorTest_SetComponentsWithConstructor_TestC2Ev
FN:76,_ZN12_GLOBAL__N_162ComplexWaveformGeneratorTest_SetComponentsWithConstructor_TestD0Ev
FN:76,_ZN12_GLOBAL__N_162ComplexWaveformGeneratorTest_SetComponentsWithConstructor_TestD2Ev
FN:89,_Z41__static_initialization_and_destruction_0ii
FN:89,_GLOBAL__sub_I_complex_waveform_generator_test.cpp
FNDA:7,_ZN12_GLOBAL__N_128ComplexWaveformGeneratorTestD2Ev
FNDA:7,_ZN12_GLOBAL__N_128ComplexWaveformGeneratorTest5SetUpEv
FNDA:7,_ZN12_GLOBAL__N_128ComplexWaveformGeneratorTest8TearDownEv
FNDA:7,_ZN12_GLOBAL__N_128ComplexWaveformGeneratorTestC2Ev
FNDA:1,_ZN12_GLOBAL__N_156ComplexWaveformGeneratorTest_SilentWithNoComponents_TestD0Ev
FNDA:1,_ZN12_GLOBAL__N_156ComplexWaveformGeneratorTest_SilentWithNoComponents_TestD2Ev
FNDA:1,_ZN12_GLOBAL__N_156ComplexWaveformGeneratorTest_SilentWithNoComponents_Test8TestBodyEv
FNDA:1,_ZN12_GLOBAL__N_156ComplexWaveformGeneratorTest_SilentWithNoComponents_TestC2Ev
FNDA:1,_ZN12_GLOBAL__N_152ComplexWaveformGeneratorTest_SetAndGetComponent_TestD0Ev
FNDA:1,_ZN12_GLOBAL__N_152ComplexWaveformGeneratorTest_SetAndGetComponent_TestD2Ev
FNDA:1,_ZN12_GLOBAL__N_152ComplexWaveformGeneratorTest_SetAndGetComponent_Test8TestBodyEv
FNDA:1,_ZN12_GLOBAL__N_152ComplexWaveformGeneratorTest_SetAndGetComponent_TestC2Ev
FNDA:1,_ZN12_GLOBAL__N_154ComplexWaveformGeneratorTest_SetExistingComponent_TestD0Ev
FNDA:1,_ZN12_GLOBAL__N_154ComplexWaveformGeneratorTest_SetExistingComponent_TestD2Ev
FNDA:1,_ZN12_GLOBAL__N_154ComplexWaveformGeneratorTest_SetExistingComponent_Test8TestBodyEv
FNDA:1,_ZN12_GLOBAL__N_154ComplexWaveformGeneratorTest_SetExistingComponent_TestC2Ev
FNDA:1,_ZN12_GLOBAL__N_166ComplexWaveformGeneratorTest_SetAndGetComponentWithTransition_TestD0Ev
FNDA:1,_ZN12_GLOBAL__N_166ComplexWaveformGeneratorTest_SetAndGetComponentWithTransition_TestD2Ev
FNDA:1,_ZN12_GLOBAL__N_166ComplexWaveformGeneratorTest_SetAndGetComponentWithTransition_Test8TestBodyEv
FNDA:1,_ZN12_GLOBAL__N_166ComplexWaveformGeneratorTest_SetAndGetComponentWithTransition_TestC2Ev
FNDA:1,_ZN12_GLOBAL__N_161ComplexWaveformGeneratorTest_NotPresentComponentIsSilent_TestD0Ev
FNDA:1,_ZN12_GLOBAL__N_161ComplexWaveformGeneratorTest_NotPresentComponentIsSilent_TestD2Ev
FNDA:1,_ZN12_GLOBAL__N_161ComplexWaveformGeneratorTest_NotPresentComponentIsSilent_Test8TestBodyEv
FNDA:1,_ZN12_GLOBAL__N_161ComplexWaveformGeneratorTest_NotPresentComponentIsSilent_TestC2Ev
FNDA:1,_ZN12_GLOBAL__N_141ComplexWaveformGeneratorTest_getSize_TestD0Ev
FNDA:1,_ZN12_GLOBAL__N_141ComplexWaveformGeneratorTest_getSize_TestD2Ev
FNDA:1,_ZN12_GLOBAL__N_141ComplexWaveformGeneratorTest_getSize_Test8TestBodyEv
FNDA:1,_ZN12_GLOBAL__N_141ComplexWaveformGeneratorTest_getSize_TestC2Ev
FNDA:1,_ZN12_GLOBAL__N_162ComplexWaveformGeneratorTest_SetComponentsWithConstructor_TestD0Ev
FNDA:1,_ZN12_GLOBAL__N_162ComplexWaveformGeneratorTest_SetComponentsWithConstructor_TestD2Ev
FNDA:1,_ZN12_GLOBAL__N_162ComplexWaveformGeneratorTest_SetComponentsWithConstructor_Test8TestBodyEv
FNDA:1,_ZN12_GLOBAL__N_162ComplexWaveformGeneratorTest_SetComponentsWithConstructor_TestC2Ev
FNDA:1,_GLOBAL__sub_I_complex_waveform_generator_test.cpp
FNDA:1,_Z41__static_initialization_and_destruction_0ii
FNF:34
FNH:34
BRDA:18,1,3,7
BRDA:18,1,4,0
BRDA:20,4294967295,5,1
BRDA:20,4294967295,6,0
BRDA:20,0,8,1
BRDA:20,0,9,0
BRDA:20,1,12,1
BRDA:20,1,13,0
BRDA:22,0,1,1
BRDA:22,0,2,0
BRDA:23,0,5,512
BRDA:23,0,6,1
BRDA:24,4294967295,1,512
BRDA:24,4294967295,2,0
BRDA:24,0,4,512
BRDA:24,0,5,0
BRDA:24,1,8,0
BRDA:24,1,9,512
BRDA:24,2,11,-
BRDA:24,2,12,-
BRDA:24,3,14,-
BRDA:24,3,15,-
BRDA:24,4,17,-
BRDA:24,4,18,-
BRDA:24,5,20,-
BRDA:24,5,21,-
BRDA:28,4294967295,5,1
BRDA:28,4294967295,6,0
BRDA:28,0,8,1
BRDA:28,0,9,0
BRDA:28,1,12,1
BRDA:28,1,13,0
BRDA:32,0,1,1
BRDA:32,0,2,0
BRDA:33,0,1,1
BRDA:33,0,2,0
BRDA:33,1,4,1
BRDA:33,1,5,0
BRDA:33,2,7,1
BRDA:33,2,8,0
BRDA:33,3,11,0
BRDA:33,3,12,1
BRDA:33,4,14,-
BRDA:33,4,15,-
BRDA:33,5,17,-
BRDA:33,5,18,-
BRDA:33,6,20,-
BRDA:33,6,21,-
BRDA:33,7,23,-
BRDA:33,7,24,-
BRDA:36,4294967295,5,1
BRDA:36,4294967295,6,0
BRDA:36,0,8,1
BRDA:36,0,9,0
BRDA:36,1,12,1
BRDA:36,1,13,0
BRDA:40,0,1,1
BRDA:40,0,2,0
BRDA:41,0,1,1
BRDA:41,0,2,0
BRDA:41,1,4,1
BRDA:41,1,5,0
BRDA:41,2,7,1
BRDA:41,2,8,0
BRDA:41,3,11,0
BRDA:41,3,12,1
BRDA:41,4,14,-
BRDA:41,4,15,-
BRDA:41,5,17,-
BRDA:41,5,18,-
BRDA:41,6,20,-
BRDA:41,6,21,-
BRDA:41,7,23,-
BRDA:41,7,24,-
BRDA:42,4294967295,1,1
BRDA:42,4294967295,2,0
BRDA:43,0,1,1
BRDA:43,0,2,0
BRDA:43,1,4,1
BRDA:43,1,5,0
BRDA:43,2,7,1
BRDA:43,2,8,0
BRDA:43,3,11,0
BRDA:43,3,12,1
BRDA:43,4,14,-
BRDA:43,4,15,-
BRDA:43,5,17,-
BRDA:43,5,18,-
BRDA:43,6,20,-
BRDA:43,6,21,-
BRDA:43,7,23,-
BRDA:43,7,24,-
BRDA:46,4294967295,5,1
BRDA:46,4294967295,6,0
BRDA:46,0,8,1
BRDA:46,0,9,0
BRDA:46,1,12,1
BRDA:46,1,13,0
BRDA:51,0,1,1
BRDA:51,0,2,0
BRDA:52,0,2,1
BRDA:52,0,3,0
BRDA:52,1,6,1
BRDA:52,1,7,0
BRDA:54,4294967295,1,1
BRDA:54,4294967295,2,0
BRDA:55,4294967295,1,1
BRDA:55,4294967295,2,0
BRDA:55,0,4,1
BRDA:55,0,5,0
BRDA:55,1,7,1
BRDA:55,1,8,0
BRDA:55,2,11,0
BRDA:55,2,12,1
BRDA:55,3,14,-
BRDA:55,3,15,-
BRDA:55,4,17,-
BRDA:55,4,18,-
BRDA:55,5,20,-
BRDA:55,5,21,-
BRDA:55,6,23,-
BRDA:55,6,24,-
BRDA:58,4294967295,5,1
BRDA:58,4294967295,6,0
BRDA:58,0,8,1
BRDA:58,0,9,0
BRDA:58,1,12,1
BRDA:58,1,13,0
BRDA:60,0,1,1
BRDA:60,0,2,0
BRDA:60,1,4,1
BRDA:60,1,5,0
BRDA:60,2,7,1
BRDA:60,2,8,0
BRDA:60,3,11,0
BRDA:60,3,12,1
BRDA:60,4,14,-
BRDA:60,4,15,-
BRDA:60,5,17,-
BRDA:60,5,18,-
BRDA:60,6,20,-
BRDA:60,6,21,-
BRDA:60,7,23,-
BRDA:60,7,24,-
BRDA:63,4294967295,5,1
BRDA:63,4294967295,6,0
BRDA:63,0,8,1
BRDA:63,0,9,0
BRDA:63,1,12,1
BRDA:63,1,13,0
BRDA:66,0,1,1
BRDA:66,0,2,0
BRDA:67,4294967295,2,1
BRDA:67,4294967295,3,0
BRDA:67,0,5,1
BRDA:67,0,6,0
BRDA:67,1,9,0
BRDA:67,1,10,1
BRDA:67,2,12,-
BRDA:67,2,13,-
BRDA:67,3,15,-
BRDA:67,3,16,-
BRDA:67,4,18,-
BRDA:67,4,19,-
BRDA:67,5,21,-
BRDA:67,5,22,-
BRDA:69,4294967295,1,1
BRDA:69,4294967295,2,0
BRDA:70,4294967295,2,1
BRDA:70,4294967295,3,0
BRDA:70,0,5,1
BRDA:70,0,6,0
BRDA:70,1,9,0
BRDA:70,1,10,1
BRDA:70,2,12,-
BRDA:70,2,13,-
BRDA:70,3,15,-
BRDA:70,3,16,-
BRDA:70,4,18,-
BRDA:70,4,19,-
BRDA:70,5,21,-
BRDA:70,5,22,-
BRDA:72,4294967295,1,1
BRDA:72,4294967295,2,0
BRDA:73,4294967295,2,1
BRDA:73,4294967295,3,0
BRDA:73,0,5,1
BRDA:73,0,6,0
BRDA:73,1,9,0
BRDA:73,1,10,1
BRDA:73,2,12,-
BRDA:73,2,13,-
BRDA:73,3,15,-
BRDA:73,3,16,-
BRDA:73,4,18,-
BRDA:73,4,19,-
BRDA:73,5,21,-
BRDA:73,5,22,-
BRDA:76,4294967295,5,1
BRDA:76,4294967295,6,0
BRDA:76,0,8,1
BRDA:76,0,9,0
BRDA:76,1,12,1
BRDA:76,1,13,0
BRDA:80,4294967295,3,1
BRDA:80,4294967295,4,0
BRDA:81,0,2,1
BRDA:81,0,3,0
BRDA:83,0,1,1
BRDA:83,0,2,0
BRDA:85,0,1,1
BRDA:85,0,2,0
BRDA:85,1,4,1
BRDA:85,1,5,0
BRDA:85,2,7,1
BRDA:85,2,8,0
BRDA:85,3,11,0
BRDA:85,3,12,1
BRDA:85,4,14,-
BRDA:85,4,15,-
BRDA:85,5,17,-
BRDA:85,5,18,-
BRDA:85,6,20,-
BRDA:85,6,21,-
BRDA:85,7,23,-
BRDA:85,7,24,-
BRDA:86,4294967295,1,1
BRDA:86,4294967295,2,0
BRDA:86,0,4,1
BRDA:86,0,5,0
BRDA:86,1,7,1
BRDA:86,1,8,0
BRDA:86,2,11,0
BRDA:86,2,12,1
BRDA:86,3,14,-
BRDA:86,3,15,-
BRDA:86,4,17,-
BRDA:86,4,18,-
BRDA:86,5,20,-
BRDA:86,5,21,-
BRDA:86,6,23,-
BRDA:86,6,24,-
BRDA:87,4294967295,1,1
BRDA:87,4294967295,2,0
BRDA:87,0,4,1
BRDA:87,0,5,0
BRDA:87,1,7,1
BRDA:87,1,8,0
BRDA:87,2,11,0
BRDA:87,2,12,1
BRDA:87,3,14,-
BRDA:87,3,15,-
BRDA:87,4,17,-
BRDA:87,4,18,-
BRDA:87,5,20,-
BRDA:87,5,21,-
BRDA:87,6,23,-
BRDA:87,6,24,-
BRDA:89,3,1,1
BRDA:89,3,2,0
BRDA:89,4,3,1
BRDA:89,4,4,0
BRF:262
BRH:84
DA:10,14
DA:13,7
DA:14,7
DA:18,7
DA:20,8
DA:22,2
DA:23,513
DA:24,512
DA:26,1
DA:28,8
DA:30,1
DA:31,1
DA:32,1
DA:33,1
DA:34,1
DA:36,8
DA:38,1
DA:39,1
DA:40,1
DA:41,1
DA:42,1
DA:43,1
DA:44,1
DA:46,8
DA:48,1
DA:49,1
DA:50,1
DA:51,1
DA:52,1
DA:54,1
DA:55,1
DA:56,1
DA:58,8
DA:60,1
DA:61,1
DA:63,8
DA:65,1
DA:66,2
DA:67,1
DA:68,1
DA:69,1
DA:70,1
DA:71,1
DA:72,1
DA:73,1
DA:74,1
DA:76,8
DA:78,2
DA:79,1
DA:80,1
DA:81,1
DA:83,2
DA:85,1
DA:86,1
DA:87,1
DA:88,1
DA:89,4
LF:57
LH:57
end_of_record
TN:
SF:/SharedWithWindows/Projects/diginstrument/inc/ConsolidationMethods.h
FN:19,_ZN13Consolidation12AccumulationIiED0Ev
FN:19,_ZN13Consolidation12AccumulationIfEC2Ev
FN:19,_ZN13Consolidation12AccumulationIfED0Ev
FN:19,_ZN13Consolidation12AccumulationIiED2Ev
FN:19,_ZN13Consolidation12AccumulationIiEC2Ev
FN:19,_ZN13Consolidation12AccumulationIfED2Ev
FN:35,_ZN13Consolidation14MultiplicationIfEC2Ev
FN:35,_ZN13Consolidation14MultiplicationIiED2Ev
FN:35,_ZN13Consolidation14MultiplicationIfED2Ev
FN:35,_ZN13Consolidation14MultiplicationIiED0Ev
FN:35,_ZN13Consolidation14MultiplicationIfED0Ev
FN:35,_ZN13Consolidation14MultiplicationIiEC2Ev
FNDA:0,_ZN13Consolidation12AccumulationIfED0Ev
FNDA:0,_ZN13Consolidation12AccumulationIfED2Ev
FNDA:0,_ZN13Consolidation12AccumulationIiED0Ev
FNDA:1,_ZN13Consolidation12AccumulationIiED2Ev
FNDA:1,_ZN13Consolidation12AccumulationIiEC2Ev
FNDA:21,_ZN13Consolidation12AccumulationIfEC2Ev
FNDA:0,_ZN13Consolidation14MultiplicationIfED0Ev
FNDA:3,_ZN13Consolidation14MultiplicationIfED2Ev
FNDA:0,_ZN13Consolidation14MultiplicationIiED0Ev
FNDA:1,_ZN13Consolidation14MultiplicationIiED2Ev
FNDA:1,_ZN13Consolidation14MultiplicationIiEC2Ev
FNDA:3,_ZN13Consolidation14MultiplicationIfEC2Ev
FNF:12
FNH:7
DA:19,46
DA:35,16
LF:2
LH:2
end_of_record
SF:/SharedWithWindows/Projects/diginstrument/inc/Consolidator.h
FN:20,_ZN8DataFlow12ConsolidatorIfN13Consolidation12AccumulationEED0Ev
FN:20,_ZN8DataFlow12ConsolidatorIiN13Consolidation12AccumulationEED2Ev
FN:20,_ZN8DataFlow12ConsolidatorIfN13Consolidation14MultiplicationEEC2Ev
FN:20,_ZN8DataFlow12ConsolidatorIfN13Consolidation12AccumulationEED2Ev
FN:20,_ZN8DataFlow12ConsolidatorIiN13Consolidation14MultiplicationEEC2Ev
FN:20,_ZN8DataFlow12ConsolidatorIiN13Consolidation12AccumulationEED0Ev
FN:20,_ZN8DataFlow12ConsolidatorIiN13Consolidation14MultiplicationEED2Ev
FN:20,_ZN8DataFlow12ConsolidatorIiN13Consolidation12AccumulationEEC2Ev
FN:20,_ZN8DataFlow12ConsolidatorIiN13Consolidation14MultiplicationEED0Ev
FN:20,_ZN8DataFlow12ConsolidatorIfN13Consolidation12AccumulationEEC2Ev
FN:20,_ZN8DataFlow12ConsolidatorIfN13Consolidation14MultiplicationEED0Ev
FN:20,_ZN8DataFlow12ConsolidatorIfN13Consolidation14MultiplicationEED2Ev
FN:31,_ZN8DataFlow12ConsolidatorIiN13Consolidation12AccumulationEE6attachERNS_7iSourceIiEE
FN:31,_ZN8DataFlow12ConsolidatorIfN13Consolidation12AccumulationEE6attachERNS_7iSourceIfEE
FN:31,_ZN8DataFlow12ConsolidatorIiN13Consolidation14MultiplicationEE6attachERNS_7iSourceIiEE
FN:31,_ZN8DataFlow12ConsolidatorIfN13Consolidation14MultiplicationEE6attachERNS_7iSourceIfEE
FN:60,_ZN8DataFlow12ConsolidatorIfN13Consolidation14MultiplicationEE3getERKj
FN:60,_ZN8DataFlow12ConsolidatorIiN13Consolidation14MultiplicationEE3getERKj
FN:60,_ZN8DataFlow12ConsolidatorIfN13Consolidation12AccumulationEE3getERKj
FN:60,_ZN8DataFlow12ConsolidatorIiN13Consolidation12AccumulationEE3getERKj
FNDA:0,_ZN8DataFlow12ConsolidatorIfN13Consolidation12AccumulationEED0Ev
FNDA:0,_ZN8DataFlow12ConsolidatorIfN13Consolidation12AccumulationEED2Ev
FNDA:0,_ZN8DataFlow12ConsolidatorIiN13Consolidation12AccumulationEED0Ev
FNDA:1,_ZN8DataFlow12ConsolidatorIiN13Consolidation12AccumulationEED2Ev
FNDA:0,_ZN8DataFlow12ConsolidatorIfN13Consolidation14MultiplicationEED0Ev
FNDA:3,_ZN8DataFlow12ConsolidatorIfN13Consolidation14MultiplicationEED2Ev
FNDA:0,_ZN8DataFlow12ConsolidatorIiN13Consolidation14MultiplicationEED0Ev
FNDA:1,_ZN8DataFlow12ConsolidatorIiN13Consolidation14MultiplicationEED2Ev
FNDA:1,_ZN8DataFlow12ConsolidatorIiN13Consolidation14MultiplicationEEC2Ev
FNDA:3,_ZN8DataFlow12ConsolidatorIfN13Consolidation14MultiplicationEEC2Ev
FNDA:1,_ZN8DataFlow12ConsolidatorIiN13Consolidation12AccumulationEEC2Ev
FNDA:21,_ZN8DataFlow12ConsolidatorIfN13Consolidation12AccumulationEEC2Ev
FNDA:3,_ZN8DataFlow12ConsolidatorIiN13Consolidation14MultiplicationEE6attachERNS_7iSourceIiEE
FNDA:6,_ZN8DataFlow12ConsolidatorIfN13Consolidation14MultiplicationEE6attachERNS_7iSourceIfEE
FNDA:3,_ZN8DataFlow12ConsolidatorIiN13Consolidation12AccumulationEE6attachERNS_7iSourceIiEE
FNDA:620,_ZN8DataFlow12ConsolidatorIfN13Consolidation12AccumulationEE6attachERNS_7iSourceIfEE
FNDA:1,_ZN8DataFlow12ConsolidatorIiN13Consolidation14MultiplicationEE3getERKj
FNDA:6,_ZN8DataFlow12ConsolidatorIfN13Consolidation14MultiplicationEE3getERKj
FNDA:1,_ZN8DataFlow12ConsolidatorIiN13Consolidation12AccumulationEE3getERKj
FNDA:0,_ZN8DataFlow12ConsolidatorIfN13Consolidation12AccumulationEE3getERKj
FNF:20
FNH:14
BRDA:32,0,2,3
BRDA:32,0,3,0
BRDA:32,1,6,6
BRDA:32,1,7,0
BRDA:32,2,10,3
BRDA:32,2,11,0
BRDA:32,3,14,620
BRDA:32,3,15,0
BRDA:61,0,4,1
BRDA:61,0,5,0
BRDA:61,3,13,6
BRDA:61,3,14,0
BRDA:61,6,22,1
BRDA:61,6,23,0
BRDA:61,9,31,-
BRDA:61,9,32,-
BRDA:62,0,1,2
BRDA:62,0,2,1
BRDA:62,1,4,3
BRDA:62,1,5,6
BRDA:62,2,7,2
BRDA:62,2,8,1
BRDA:62,3,10,-
BRDA:62,3,11,-
BRDA:63,0,4,2
BRDA:63,0,5,0
BRDA:63,3,12,3
BRDA:63,3,13,0
BRDA:63,6,20,2
BRDA:63,6,21,0
BRDA:63,9,28,-
BRDA:63,9,29,-
BRF:32
BRH:16
DA:20,62
DA:31,632
DA:32,632
DA:33,632
DA:60,8
DA:61,8
DA:62,15
DA:63,7
DA:65,8
LF:9
LH:9
end_of_record
SF:/SharedWithWindows/Projects/diginstrument/inc/RepeatingBuffer.h
FN:15,_ZN8DataFlow15RepeatingBufferIiED2Ev
FN:15,_ZN8DataFlow15RepeatingBufferIfED0Ev
FN:15,_ZN8DataFlow15RepeatingBufferIfED2Ev
FN:15,_ZN8DataFlow15RepeatingBufferIiED0Ev
FNDA:0,_ZN8DataFlow15RepeatingBufferIiED0Ev
FNDA:11,_ZN8DataFlow15RepeatingBufferIiED2Ev
FNDA:0,_ZN8DataFlow15RepeatingBufferIfED0Ev
FNDA:0,_ZN8DataFlow15RepeatingBufferIfED2Ev
FNF:4
FNH:1
DA:15,22
LF:1
LH:1
end_of_record
SF:/SharedWithWindows/Projects/diginstrument/inc/iBuffer.h
FN:23,_ZN8DataFlow7iBufferIiED2Ev
FN:23,_ZN8DataFlow7iBufferIfED2Ev
FN:23,_ZN8DataFlow7iBufferIiED0Ev
FN:23,_ZN8DataFlow7iBufferIfED0Ev
FNDA:0,_ZN8DataFlow7iBufferIiED0Ev
FNDA:11,_ZN8DataFlow7iBufferIiED2Ev
FNDA:0,_ZN8DataFlow7iBufferIfED0Ev
FNDA:0,_ZN8DataFlow7iBufferIfED2Ev
FNF:4
FNH:1
DA:23,22
LF:1
LH:1
end_of_record
SF:/SharedWithWindows/Projects/diginstrument/inc/iConsolidationMethod.h
FN:13,_ZN8DataFlow20iConsolidationMethodIiEC2Ev
FN:13,_ZN8DataFlow20iConsolidationMethodIfEC2Ev
FN:41,_ZN8DataFlow20iConsolidationMethodIfED2Ev
FN:41,_ZN8DataFlow20iConsolidationMethodIiED2Ev
FN:41,_ZN8DataFlow20iConsolidationMethodIfED0Ev
FN:41,_ZN8DataFlow20iConsolidationMethodIiED0Ev
FNDA:2,_ZN8DataFlow20iConsolidationMethodIiEC2Ev
FNDA:24,_ZN8DataFlow20iConsolidationMethodIfEC2Ev
FNDA:0,_ZN8DataFlow20iConsolidationMethodIiED0Ev
FNDA:2,_ZN8DataFlow20iConsolidationMethodIiED2Ev
FNDA:0,_ZN8DataFlow20iConsolidationMethodIfED0Ev
FNDA:0,_ZN8DataFlow20iConsolidationMethodIfED2Ev
FNF:6
FNH:3
DA:13,26
DA:41,2
LF:2
LH:2
end_of_record
SF:/SharedWithWindows/Projects/diginstrument/inc/iSource.h
FN:15,_ZN8DataFlow7iSourceIfEC2Ev
FN:15,_ZN8DataFlow7iSourceIiEC2Ev
FN:28,_ZN8DataFlow7iSourceIfED2Ev
FN:28,_ZN8DataFlow7iSourceIiED2Ev
FN:28,_ZN8DataFlow7iSourceIfED0Ev
FN:28,_ZN8DataFlow7iSourceIiED0Ev
FNDA:13,_ZN8DataFlow7iSourceIiEC2Ev
FNDA:0,_ZN8DataFlow7iSourceIfEC2Ev
FNDA:0,_ZN8DataFlow7iSourceIiED0Ev
FNDA:13,_ZN8DataFlow7iSourceIiED2Ev
FNDA:0,_ZN8DataFlow7iSourceIfED0Ev
FNDA:0,_ZN8DataFlow7iSourceIfED2Ev
FNF:6
FNH:2
DA:15,13
DA:28,13
LF:2
LH:2
end_of_record
SF:/SharedWithWindows/Projects/diginstrument/mixer_test/consolidation_methods_test.cpp
FN:9,_ZN12_GLOBAL__N_124ConsolidationMethodsTestD2Ev
FN:12,_ZN12_GLOBAL__N_124ConsolidationMethodsTest5SetUpEv
FN:13,_ZN12_GLOBAL__N_124ConsolidationMethodsTest8TearDownEv
FN:15,_ZN12_GLOBAL__N_124ConsolidationMethodsTestC2Ev
FN:18,_ZN12_GLOBAL__N_151ConsolidationMethodsTest_AccumulationWithFloat_TestD2Ev
FN:18,_ZN12_GLOBAL__N_151ConsolidationMethodsTest_AccumulationWithFloat_TestD0Ev
FN:18,_ZN12_GLOBAL__N_151ConsolidationMethodsTest_AccumulationWithFloat_TestC2Ev
FN:18,_ZN12_GLOBAL__N_151ConsolidationMethodsTest_AccumulationWithFloat_Test8TestBodyEv
FN:39,_ZN12_GLOBAL__N_149ConsolidationMethodsTest_AccumulationWithint_TestD0Ev
FN:39,_ZN12_GLOBAL__N_149ConsolidationMethodsTest_AccumulationWithint_TestD2Ev
FN:39,_ZN12_GLOBAL__N_149ConsolidationMethodsTest_AccumulationWithint_TestC2Ev
FN:39,_ZN12_GLOBAL__N_149ConsolidationMethodsTest_AccumulationWithint_Test8TestBodyEv
FN:60,_ZN12_GLOBAL__N_153ConsolidationMethodsTest_MultiplicationWithFloat_Test8TestBodyEv
FN:60,_ZN12_GLOBAL__N_153ConsolidationMethodsTest_MultiplicationWithFloat_TestD0Ev
FN:60,_ZN12_GLOBAL__N_153ConsolidationMethodsTest_MultiplicationWithFloat_TestD2Ev
FN:60,_ZN12_GLOBAL__N_153ConsolidationMethodsTest_MultiplicationWithFloat_TestC2Ev
FN:81,_ZN12_GLOBAL__N_151ConsolidationMethodsTest_MultiplicationWithInt_Test8TestBodyEv
FN:81,_ZN12_GLOBAL__N_151ConsolidationMethodsTest_MultiplicationWithInt_TestC2Ev
FN:81,_ZN12_GLOBAL__N_151ConsolidationMethodsTest_MultiplicationWithInt_TestD2Ev
FN:81,_ZN12_GLOBAL__N_151ConsolidationMethodsTest_MultiplicationWithInt_TestD0Ev
FN:101,_GLOBAL__sub_I_consolidation_methods_test.cpp
FN:101,_Z41__static_initialization_and_destruction_0ii
FNDA:4,_ZN12_GLOBAL__N_124ConsolidationMethodsTestD2Ev
FNDA:4,_ZN12_GLOBAL__N_124ConsolidationMethodsTest5SetUpEv
FNDA:4,_ZN12_GLOBAL__N_124ConsolidationMethodsTest8TearDownEv
FNDA:4,_ZN12_GLOBAL__N_124ConsolidationMethodsTestC2Ev
FNDA:1,_ZN12_GLOBAL__N_151ConsolidationMethodsTest_AccumulationWithFloat_TestD0Ev
FNDA:1,_ZN12_GLOBAL__N_151ConsolidationMethodsTest_AccumulationWithFloat_TestD2Ev
FNDA:1,_ZN12_GLOBAL__N_151ConsolidationMethodsTest_AccumulationWithFloat_Test8TestBodyEv
FNDA:1,_ZN12_GLOBAL__N_151ConsolidationMethodsTest_AccumulationWithFloat_TestC2Ev
FNDA:1,_ZN12_GLOBAL__N_149ConsolidationMethodsTest_AccumulationWithint_TestD0Ev
FNDA:1,_ZN12_GLOBAL__N_149ConsolidationMethodsTest_AccumulationWithint_TestD2Ev
FNDA:1,_ZN12_GLOBAL__N_149ConsolidationMethodsTest_AccumulationWithint_Test8TestBodyEv
FNDA:1,_ZN12_GLOBAL__N_149ConsolidationMethodsTest_AccumulationWithint_TestC2Ev
FNDA:1,_ZN12_GLOBAL__N_153ConsolidationMethodsTest_MultiplicationWithFloat_TestD0Ev
FNDA:1,_ZN12_GLOBAL__N_153ConsolidationMethodsTest_MultiplicationWithFloat_TestD2Ev
FNDA:1,_ZN12_GLOBAL__N_153ConsolidationMethodsTest_MultiplicationWithFloat_Test8TestBodyEv
FNDA:1,_ZN12_GLOBAL__N_153ConsolidationMethodsTest_MultiplicationWithFloat_TestC2Ev
FNDA:1,_ZN12_GLOBAL__N_151ConsolidationMethodsTest_MultiplicationWithInt_TestD0Ev
FNDA:1,_ZN12_GLOBAL__N_151ConsolidationMethodsTest_MultiplicationWithInt_TestD2Ev
FNDA:1,_ZN12_GLOBAL__N_151ConsolidationMethodsTest_MultiplicationWithInt_Test8TestBodyEv
FNDA:1,_ZN12_GLOBAL__N_151ConsolidationMethodsTest_MultiplicationWithInt_TestC2Ev
FNDA:1,_GLOBAL__sub_I_consolidation_methods_test.cpp
FNDA:1,_Z41__static_initialization_and_destruction_0ii
FNF:22
FNH:22
BRDA:18,4294967295,5,1
BRDA:18,4294967295,6,0
BRDA:18,0,8,1
BRDA:18,0,9,0
BRDA:18,1,12,1
BRDA:18,1,13,0
BRDA:22,4294967295,2,1
BRDA:22,4294967295,3,0
BRDA:22,0,6,1
BRDA:22,0,7,0
BRDA:23,4294967295,2,1
BRDA:23,4294967295,3,0
BRDA:23,0,6,1
BRDA:23,0,7,0
BRDA:24,4294967295,2,1
BRDA:24,4294967295,3,0
BRDA:24,0,6,1
BRDA:24,0,7,0
BRDA:25,4294967295,2,1
BRDA:25,4294967295,3,0
BRDA:25,0,6,1
BRDA:25,0,7,0
BRDA:27,4294967295,1,1
BRDA:27,4294967295,2,0
BRDA:28,0,1,1
BRDA:28,0,2,0
BRDA:29,0,1,1
BRDA:29,0,2,0
BRDA:32,0,1,1
BRDA:32,0,2,0
BRDA:33,4294967295,1,1
BRDA:33,4294967295,2,0
BRDA:34,0,0,512
BRDA:34,0,1,1
BRDA:35,0,3,512
BRDA:35,0,4,0
BRDA:35,1,6,512
BRDA:35,1,7,0
BRDA:35,2,10,0
BRDA:35,2,11,512
BRDA:35,3,13,-
BRDA:35,3,14,-
BRDA:35,4,16,-
BRDA:35,4,17,-
BRDA:35,5,19,-
BRDA:35,5,20,-
BRDA:35,6,22,-
BRDA:35,6,23,-
BRDA:39,4294967295,5,1
BRDA:39,4294967295,6,0
BRDA:39,0,8,1
BRDA:39,0,9,0
BRDA:39,1,12,1
BRDA:39,1,13,0
BRDA:43,4294967295,2,1
BRDA:43,4294967295,3,0
BRDA:43,0,6,1
BRDA:43,0,7,0
BRDA:44,4294967295,2,1
BRDA:44,4294967295,3,0
BRDA:44,0,6,1
BRDA:44,0,7,0
BRDA:45,4294967295,2,1
BRDA:45,4294967295,3,0
BRDA:45,0,6,1
BRDA:45,0,7,0
BRDA:46,4294967295,2,1
BRDA:46,4294967295,3,0
BRDA:46,0,6,1
BRDA:46,0,7,0
BRDA:48,4294967295,1,1
BRDA:48,4294967295,2,0
BRDA:49,0,1,1
BRDA:49,0,2,0
BRDA:50,0,1,1
BRDA:50,0,2,0
BRDA:53,0,1,1
BRDA:53,0,2,0
BRDA:54,4294967295,1,1
BRDA:54,4294967295,2,0
BRDA:55,0,0,512
BRDA:55,0,1,1
BRDA:56,0,3,512
BRDA:56,0,4,0
BRDA:56,1,6,512
BRDA:56,1,7,0
BRDA:56,2,10,0
BRDA:56,2,11,512
BRDA:56,3,13,-
BRDA:56,3,14,-
BRDA:56,4,16,-
BRDA:56,4,17,-
BRDA:56,5,19,-
BRDA:56,5,20,-
BRDA:56,6,22,-
BRDA:56,6,23,-
BRDA:60,4294967295,5,1
BRDA:60,4294967295,6,0
BRDA:60,0,8,1
BRDA:60,0,9,0
BRDA:60,1,12,1
BRDA:60,1,13,0
BRDA:64,4294967295,2,1
BRDA:64,4294967295,3,0
BRDA:64,0,6,1
BRDA:64,0,7,0
BRDA:65,4294967295,2,1
BRDA:65,4294967295,3,0
BRDA:65,0,6,1
BRDA:65,0,7,0
BRDA:66,4294967295,2,1
BRDA:66,4294967295,3,0
BRDA:66,0,6,1
BRDA:66,0,7,0
BRDA:67,4294967295,2,1
BRDA:67,4294967295,3,0
BRDA:67,0,6,1
BRDA:67,0,7,0
BRDA:69,4294967295,1,1
BRDA:69,4294967295,2,0
BRDA:70,0,1,1
BRDA:70,0,2,0
BRDA:71,0,1,1
BRDA:71,0,2,0
BRDA:74,0,1,1
BRDA:74,0,2,0
BRDA:75,4294967295,1,1
BRDA:75,4294967295,2,0
BRDA:76,0,0,512
BRDA:76,0,1,1
BRDA:77,0,3,512
BRDA:77,0,4,0
BRDA:77,1,6,512
BRDA:77,1,7,0
BRDA:77,2,10,0
BRDA:77,2,11,512
BRDA:77,3,13,-
BRDA:77,3,14,-
BRDA:77,4,16,-
BRDA:77,4,17,-
BRDA:77,5,19,-
BRDA:77,5,20,-
BRDA:77,6,22,-
BRDA:77,6,23,-
BRDA:81,4294967295,5,1
BRDA:81,4294967295,6,0
BRDA:81,0,8,1
BRDA:81,0,9,0
BRDA:81,1,12,1
BRDA:81,1,13,0
BRDA:85,4294967295,2,1
BRDA:85,4294967295,3,0
BRDA:85,0,6,1
BRDA:85,0,7,0
BRDA:86,4294967295,2,1
BRDA:86,4294967295,3,0
BRDA:86,0,6,1
BRDA:86,0,7,0
BRDA:87,4294967295,2,1
BRDA:87,4294967295,3,0
BRDA:87,0,6,1
BRDA:87,0,7,0
BRDA:88,4294967295,2,1
BRDA:88,4294967295,3,0
BRDA:88,0,6,1
BRDA:88,0,7,0
BRDA:90,4294967295,1,1
BRDA:90,4294967295,2,0
BRDA:91,0,1,1
BRDA:91,0,2,0
BRDA:92,0,1,1
BRDA:92,0,2,0
BRDA:95,0,1,1
BRDA:95,0,2,0
BRDA:96,4294967295,1,1
BRDA:96,4294967295,2,0
BRDA:97,0,0,512
BRDA:97,0,1,1
BRDA:98,0,3,512
BRDA:98,0,4,0
BRDA:98,1,6,512
BRDA:98,1,7,0
BRDA:98,2,10,0
BRDA:98,2,11,512
BRDA:98,3,13,-
BRDA:98,3,14,-
BRDA:98,4,16,-
BRDA:98,4,17,-
BRDA:98,5,19,-
BRDA:98,5,20,-
BRDA:98,6,22,-
BRDA:98,6,23,-
BRDA:101,3,1,1
BRDA:101,3,2,0
BRDA:101,4,3,1
BRDA:101,4,4,0
BRF:196
BRH:86
DA:9,8
DA:12,4
DA:13,4
DA:15,8
DA:18,8
DA:20,2
DA:22,2
DA:23,2
DA:24,2
DA:25,2
DA:27,1
DA:28,1
DA:29,1
DA:31,1
DA:32,2
DA:33,2
DA:34,513
DA:35,512
DA:37,1
DA:39,8
DA:41,2
DA:43,2
DA:44,2
DA:45,2
DA:46,2
DA:48,1
DA:49,1
DA:50,1
DA:52,1
DA:53,2
DA:54,2
DA:55,513
DA:56,512
DA:58,1
DA:60,8
DA:62,2
DA:64,2
DA:65,2
DA:66,2
DA:67,2
DA:69,1
DA:70,1
DA:71,1
DA:73,1
DA:74,2
DA:75,2
DA:76,513
DA:77,512
DA:79,1
DA:81,8
DA:83,2
DA:85,2
DA:86,2
DA:87,2
DA:88,2
DA:90,1
DA:91,1
DA:92,1
DA:94,1
DA:95,2
DA:96,2
DA:97,513
DA:98,512
DA:100,1
DA:101,4
LF:65
LH:65
end_of_record
TN:
SF:/SharedWithWindows/Projects/diginstrument/inc/ConsolidationMethods.h
FN:35,_ZN13Consolidation14MultiplicationIfEC2Ev
FN:35,_ZN13Consolidation14MultiplicationIfED2Ev
FN:35,_ZN13Consolidation14MultiplicationIfED0Ev
FNDA:0,_ZN13Consolidation14MultiplicationIfED0Ev
FNDA:0,_ZN13Consolidation14MultiplicationIfED2Ev
FNDA:0,_ZN13Consolidation14MultiplicationIfEC2Ev
FNF:3
FNH:0
DA:35,0
LF:1
LH:0
end_of_record
SF:/SharedWithWindows/Projects/diginstrument/inc/Consolidator.h
FN:20,_ZN8DataFlow12ConsolidatorIfN13Consolidation14MultiplicationEEC2Ev
FN:20,_ZN8DataFlow12ConsolidatorIfN13Consolidation14MultiplicationEED2Ev
FN:20,_ZN8DataFlow12ConsolidatorIfN13Consolidation14MultiplicationEED0Ev
FN:31,_ZN8DataFlow12ConsolidatorIfN13Consolidation14MultiplicationEE6attachERNS_7iSourceIfEE
FN:41,_ZN8DataFlow12ConsolidatorIfN13Consolidation14MultiplicationEE6detachERNS_7iSourceIfEE
FN:60,_ZN8DataFlow12ConsolidatorIfN13Consolidation14MultiplicationEE3getERKj
FNDA:0,_ZN8DataFlow12ConsolidatorIfN13Consolidation14MultiplicationEED0Ev
FNDA:0,_ZN8DataFlow12ConsolidatorIfN13Consolidation14MultiplicationEED2Ev
FNDA:0,_ZN8DataFlow12ConsolidatorIfN13Consolidation14MultiplicationEEC2Ev
FNDA:0,_ZN8DataFlow12ConsolidatorIfN13Consolidation14MultiplicationEE6attachERNS_7iSourceIfEE
FNDA:1,_ZN8DataFlow12ConsolidatorIfN13Consolidation14MultiplicationEE6detachERNS_7iSourceIfEE
FNDA:0,_ZN8DataFlow12ConsolidatorIfN13Consolidation14MultiplicationEE3getERKj
FNF:6
FNH:1
BRDA:32,0,2,-
BRDA:32,0,3,-
BRDA:42,1,4,1
BRDA:42,1,5,0
BRDA:43,0,2,1
BRDA:43,0,3,0
BRDA:44,0,3,1
BRDA:44,0,4,0
BRDA:61,0,4,-
BRDA:61,0,5,-
BRDA:62,0,1,-
BRDA:62,0,2,-
BRDA:63,0,4,-
BRDA:63,0,5,-
BRF:14
BRH:3
DA:20,0
DA:31,0
DA:32,0
DA:33,0
DA:41,1
DA:42,1
DA:43,1
DA:44,1
DA:45,1
DA:48,1
DA:60,0
DA:61,0
DA:62,0
DA:63,0
DA:65,0
LF:15
LH:6
end_of_record
SF:/SharedWithWindows/Projects/diginstrument/inc/RepeatingBuffer.h
FN:15,_ZN8DataFlow15RepeatingBufferIfED0Ev
FN:15,_ZN8DataFlow15RepeatingBufferIfED2Ev
FNDA:0,_ZN8DataFlow15RepeatingBufferIfED0Ev
FNDA:0,_ZN8DataFlow15RepeatingBufferIfED2Ev
FNF:2
FNH:0
DA:15,0
LF:1
LH:0
end_of_record
SF:/SharedWithWindows/Projects/diginstrument/inc/iBuffer.h
FN:23,_ZN8DataFlow7iBufferIfED2Ev
FN:23,_ZN8DataFlow7iBufferIfED0Ev
FNDA:0,_ZN8DataFlow7iBufferIfED0Ev
FNDA:0,_ZN8DataFlow7iBufferIfED2Ev
FNF:2
FNH:0
DA:23,0
LF:1
LH:0
end_of_record
SF:/SharedWithWindows/Projects/diginstrument/inc/iConsolidationMethod.h
FN:13,_ZN8DataFlow20iConsolidationMethodIfEC2Ev
FN:41,_ZN8DataFlow20iConsolidationMethodIfED2Ev
FN:41,_ZN8DataFlow20iConsolidationMethodIfED0Ev
FNDA:0,_ZN8DataFlow20iConsolidationMethodIfEC2Ev
FNDA:0,_ZN8DataFlow20iConsolidationMethodIfED0Ev
FNDA:0,_ZN8DataFlow20iConsolidationMethodIfED2Ev
FNF:3
FNH:0
DA:13,0
DA:41,0
LF:2
LH:0
end_of_record
SF:/SharedWithWindows/Projects/diginstrument/inc/iSource.h
FN:15,_ZN8DataFlow7iSourceIfEC2Ev
FN:28,_ZN8DataFlow7iSourceIfED0Ev
FN:28,_ZN8DataFlow7iSourceIfED2Ev
FNDA:0,_ZN8DataFlow7iSourceIfEC2Ev
FNDA:0,_ZN8DataFlow7iSourceIfED0Ev
FNDA:0,_ZN8DataFlow7iSourceIfED2Ev
FNF:3
FNH:0
DA:15,0
DA:28,0
LF:2
LH:0
end_of_record
SF:/SharedWithWindows/Projects/diginstrument/mixer_test/consolidator_test.cpp
FN:9,_ZN12_GLOBAL__N_116ConsolidatorTestD2Ev
FN:12,_ZN12_GLOBAL__N_116ConsolidatorTest5SetUpEv
FN:13,_ZN12_GLOBAL__N_116ConsolidatorTest8TearDownEv
FN:17,_ZN12_GLOBAL__N_116ConsolidatorTestC2Ev
FN:20,_ZN12_GLOBAL__N_138ConsolidatorTest_attachThenDetach_TestD0Ev
FN:20,_ZN12_GLOBAL__N_138ConsolidatorTest_attachThenDetach_TestC2Ev
FN:20,_ZN12_GLOBAL__N_138ConsolidatorTest_attachThenDetach_Test8TestBodyEv
FN:20,_ZN12_GLOBAL__N_138ConsolidatorTest_attachThenDetach_TestD2Ev
FN:42,_ZN12_GLOBAL__N_129ConsolidatorTest_getSize_TestD0Ev
FN:42,_ZN12_GLOBAL__N_129ConsolidatorTest_getSize_Test8TestBodyEv
FN:42,_ZN12_GLOBAL__N_129ConsolidatorTest_getSize_TestC2Ev
FN:42,_ZN12_GLOBAL__N_129ConsolidatorTest_getSize_TestD2Ev
FN:56,_GLOBAL__sub_I_consolidator_test.cpp
FN:56,_Z41__static_initialization_and_destruction_0ii
FNDA:2,_ZN12_GLOBAL__N_116ConsolidatorTestD2Ev
FNDA:2,_ZN12_GLOBAL__N_116ConsolidatorTest5SetUpEv
FNDA:2,_ZN12_GLOBAL__N_116ConsolidatorTest8TearDownEv
FNDA:2,_ZN12_GLOBAL__N_116ConsolidatorTestC2Ev
FNDA:1,_ZN12_GLOBAL__N_138ConsolidatorTest_attachThenDetach_TestD0Ev
FNDA:1,_ZN12_GLOBAL__N_138ConsolidatorTest_attachThenDetach_TestD2Ev
FNDA:1,_ZN12_GLOBAL__N_138ConsolidatorTest_attachThenDetach_Test8TestBodyEv
FNDA:1,_ZN12_GLOBAL__N_138ConsolidatorTest_attachThenDetach_TestC2Ev
FNDA:1,_ZN12_GLOBAL__N_129ConsolidatorTest_getSize_TestD0Ev
FNDA:1,_ZN12_GLOBAL__N_129ConsolidatorTest_getSize_TestD2Ev
FNDA:1,_ZN12_GLOBAL__N_129ConsolidatorTest_getSize_Test8TestBodyEv
FNDA:1,_ZN12_GLOBAL__N_129ConsolidatorTest_getSize_TestC2Ev
FNDA:1,_GLOBAL__sub_I_consolidator_test.cpp
FNDA:1,_Z41__static_initialization_and_destruction_0ii
FNF:14
FNH:14
BRDA:17,1,3,2
BRDA:17,1,4,0
BRDA:17,2,7,2
BRDA:17,2,8,0
BRDA:17,3,14,2
BRDA:17,3,15,0
BRDA:17,4,18,2
BRDA:17,4,19,0
BRDA:20,4294967295,5,1
BRDA:20,4294967295,6,0
BRDA:20,0,8,1
BRDA:20,0,9,0
BRDA:20,1,12,1
BRDA:20,1,13,0
BRDA:23,4294967295,1,1
BRDA:23,4294967295,2,0
BRDA:26,4294967295,1,1
BRDA:26,4294967295,2,0
BRDA:26,0,3,1
BRDA:26,0,4,0
BRDA:26,1,6,1
BRDA:26,1,7,0
BRDA:26,2,8,1
BRDA:26,2,9,0
BRDA:26,3,11,1
BRDA:26,3,12,0
BRDA:26,5,16,-
BRDA:26,5,17,-
BRDA:26,6,19,-
BRDA:26,6,20,-
BRDA:26,7,22,-
BRDA:26,7,23,-
BRDA:26,8,28,-
BRDA:26,8,29,-
BRDA:27,1,5,512
BRDA:27,1,6,1
BRDA:28,4294967295,1,512
BRDA:28,4294967295,2,0
BRDA:28,0,4,512
BRDA:28,0,5,0
BRDA:28,1,8,0
BRDA:28,1,9,512
BRDA:28,2,11,-
BRDA:28,2,12,-
BRDA:28,3,14,-
BRDA:28,3,15,-
BRDA:28,4,17,-
BRDA:28,4,18,-
BRDA:28,5,20,-
BRDA:28,5,21,-
BRDA:31,0,1,1
BRDA:31,0,2,0
BRDA:32,0,1,1
BRDA:32,0,2,0
BRDA:32,1,3,1
BRDA:32,1,4,0
BRDA:32,2,6,1
BRDA:32,2,7,0
BRDA:32,3,8,1
BRDA:32,3,9,0
BRDA:32,4,11,1
BRDA:32,4,12,0
BRDA:32,6,16,-
BRDA:32,6,17,-
BRDA:32,7,19,-
BRDA:32,7,20,-
BRDA:32,8,22,-
BRDA:32,8,23,-
BRDA:32,9,28,-
BRDA:32,9,29,-
BRDA:34,0,1,1
BRDA:34,0,2,0
BRDA:36,0,1,1
BRDA:36,0,2,0
BRDA:36,1,3,1
BRDA:36,1,4,0
BRDA:36,2,6,1
BRDA:36,2,7,0
BRDA:36,3,8,1
BRDA:36,3,9,0
BRDA:36,4,11,1
BRDA:36,4,12,0
BRDA:36,6,16,-
BRDA:36,6,17,-
BRDA:36,7,19,-
BRDA:36,7,20,-
BRDA:36,8,22,-
BRDA:36,8,23,-
BRDA:36,9,28,-
BRDA:36,9,29,-
BRDA:37,1,5,512
BRDA:37,1,6,1
BRDA:38,4294967295,1,512
BRDA:38,4294967295,2,0
BRDA:38,0,4,512
BRDA:38,0,5,0
BRDA:38,1,8,0
BRDA:38,1,9,512
BRDA:38,2,11,-
BRDA:38,2,12,-
BRDA:38,3,14,-
BRDA:38,3,15,-
BRDA:38,4,17,-
BRDA:38,4,18,-
BRDA:38,5,20,-
BRDA:38,5,21,-
BRDA:42,4294967295,5,1
BRDA:42,4294967295,6,0
BRDA:42,0,8,1
BRDA:42,0,9,0
BRDA:42,1,12,1
BRDA:42,1,13,0
BRDA:45,4294967295,1,1
BRDA:45,4294967295,2,0
BRDA:49,4294967295,1,1
BRDA:49,4294967295,2,0
BRDA:49,0,3,1
BRDA:49,0,4,0
BRDA:49,1,6,1
BRDA:49,1,7,0
BRDA:49,2,8,1
BRDA:49,2,9,0
BRDA:49,3,11,1
BRDA:49,3,12,0
BRDA:49,5,16,-
BRDA:49,5,17,-
BRDA:49,6,19,-
BRDA:49,6,20,-
BRDA:49,7,22,-
BRDA:49,7,23,-
BRDA:49,8,28,-
BRDA:49,8,29,-
BRDA:50,0,2,1
BRDA:50,0,3,0
BRDA:50,1,5,1
BRDA:50,1,6,0
BRDA:50,2,9,0
BRDA:50,2,10,1
BRDA:50,3,12,-
BRDA:50,3,13,-
BRDA:50,4,15,-
BRDA:50,4,16,-
BRDA:50,5,18,-
BRDA:50,5,19,-
BRDA:50,6,21,-
BRDA:50,6,22,-
BRDA:53,4294967295,1,1
BRDA:53,4294967295,2,0
BRDA:53,0,3,1
BRDA:53,0,4,0
BRDA:53,1,6,1
BRDA:53,1,7,0
BRDA:53,2,8,1
BRDA:53,2,9,0
BRDA:53,3,11,1
BRDA:53,3,12,0
BRDA:53,5,16,-
BRDA:53,5,17,-
BRDA:53,6,19,-
BRDA:53,6,20,-
BRDA:53,7,22,-
BRDA:53,7,23,-
BRDA:53,8,28,-
BRDA:53,8,29,-
BRDA:54,0,2,1
BRDA:54,0,3,0
BRDA:54,1,5,1
BRDA:54,1,6,0
BRDA:54,2,9,0
BRDA:54,2,10,1
BRDA:54,3,12,-
BRDA:54,3,13,-
BRDA:54,4,15,-
BRDA:54,4,16,-
BRDA:54,5,18,-
BRDA:54,5,19,-
BRDA:54,6,21,-
BRDA:54,6,22,-
BRDA:56,3,1,1
BRDA:56,3,2,0
BRDA:56,4,3,1
BRDA:56,4,4,0
BRF:182
BRH:57
DA:9,4
DA:12,2
DA:13,2
DA:17,2
DA:20,8
DA:22,2
DA:23,1
DA:24,2
DA:26,1
DA:27,513
DA:28,512
DA:31,1
DA:32,1
DA:34,1
DA:36,1
DA:37,513
DA:38,512
DA:40,1
DA:42,8
DA:44,2
DA:45,1
DA:46,2
DA:47,1
DA:49,1
DA:50,1
DA:52,1
DA:53,1
DA:54,1
DA:55,1
DA:56,4
LF:30
LH:30
end_of_record
TN:
SF:/SharedWithWindows/Projects/diginstrument/inc/Filters.h
FN:128,_ZN5Mixer6Filter4EchoIfEC2Ev
FN:128,_ZN5Mixer6Filter4EchoIfED2Ev
FN:145,_ZN5Mixer6Filter4EchoIfEclERKf
FN:182,_ZN5Mixer6Filter4EchoIfE8setDelayERKj
FN:192,_ZN5Mixer6Filter4EchoIfE8getDelayEv
FN:202,_ZN5Mixer6Filter4EchoIfE21setReflectionQuotientERKf
FN:212,_ZN5Mixer6Filter4EchoIfE21getReflectionQuotientEv
FN:220,_ZN5Mixer6Filter4EchoIfE5clearEv
FNDA:6,_ZN5Mixer6Filter4EchoIfED2Ev
FNDA:6,_ZN5Mixer6Filter4EchoIfEC2Ev
FNDA:4,_ZN5Mixer6Filter4EchoIfEclERKf
FNDA:2,_ZN5Mixer6Filter4EchoIfE8setDelayERKj
FNDA:2,_ZN5Mixer6Filter4EchoIfE8getDelayEv
FNDA:3,_ZN5Mixer6Filter4EchoIfE21setReflectionQuotientERKf
FNDA:2,_ZN5Mixer6Filter4EchoIfE21getReflectionQuotientEv
FNDA:1,_ZN5Mixer6Filter4EchoIfE5clearEv
FNF:8
FNH:8
BRDA:146,0,0,1
BRDA:146,0,1,3
BRF:2
BRH:2
DA:128,24
DA:145,4
DA:146,4
DA:147,1
DA:148,1
DA:149,1
DA:151,3
DA:152,3
DA:153,3
DA:182,2
DA:183,2
DA:184,2
DA:192,2
DA:193,2
DA:202,3
DA:203,3
DA:204,3
DA:212,2
DA:213,2
DA:220,1
DA:221,1
DA:222,1
DA:223,1
LF:23
LH:23
end_of_record
SF:/SharedWithWindows/Projects/diginstrument/inc/QueueBuffer.h
FN:13,_ZN8DataFlow11QueueBufferIfEC2Ev
FN:13,_ZN8DataFlow11QueueBufferIfED0Ev
FN:13,_ZN8DataFlow11QueueBufferIfED2Ev
FNDA:0,_ZN8DataFlow11QueueBufferIfED0Ev
[...]
FNF:3
FNH:0
DA:10,0
DA:67,0
LF:2
LH:0
end_of_record
SF:/SharedWithWindows/Projects/diginstrument/src/sine_generator.cpp
FN:10,_ZN5Mixer13SineGeneratorIfEC2ERKfRKjS5_
FN:25,_ZN5Mixer13SineGeneratorIfE3getERKj
FN:44,_ZNK5Mixer13SineGeneratorIfE12getFrequencyEv
FN:50,_ZN5Mixer13SineGeneratorIfE12setFrequencyERKf
FN:56,_ZN5Mixer13SineGeneratorIfE12setFrequencyERKfS3_NSt7__cxx1112basic_stringIcSt11char_traitsIcESaIcEEERKj
FNDA:622,_ZN5Mixer13SineGeneratorIfEC2ERKfRKjS5_
FNDA:629,_ZN5Mixer13SineGeneratorIfE3getERKj
FNDA:16,_ZNK5Mixer13SineGeneratorIfE12getFrequencyEv
FNDA:154,_ZN5Mixer13SineGeneratorIfE12setFrequencyERKf
FNDA:166,_ZN5Mixer13SineGeneratorIfE12setFrequencyERKfS3_NSt7__cxx1112basic_stringIcSt11char_traitsIcESaIcEEERKj
FNF:5
FNH:5
BRDA:14,4294967295,0,1
BRDA:14,4294967295,1,621
BRDA:16,1,0,4800000
BRDA:16,1,1,1
BRDA:18,0,2,4800000
BRDA:18,0,3,0
BRDA:28,0,1,8188173
BRDA:28,0,2,629
BRDA:30,1,1,16376346
BRDA:30,1,2,8188173
BRDA:32,0,2,16376346
BRDA:32,0,3,0
BRDA:35,4294967295,1,7968000
BRDA:35,4294967295,2,220173
BRDA:37,0,2,7968000
BRDA:37,0,3,0
BRDA:61,4294967295,1,166
BRDA:61,4294967295,2,0
BRDA:61,0,3,154
BRDA:61,0,4,12
BRDA:63,0,1,154
BRDA:63,0,2,0
BRDA:65,0,0,157
BRDA:65,0,1,3
BRDA:65,0,2,3
BRDA:65,0,3,3
BRDA:65,0,4,0
BRDA:68,0,1,157
BRDA:68,0,2,0
BRDA:68,1,3,1
BRDA:68,1,4,156
BRDA:70,0,1,1
BRDA:70,0,2,0
BRDA:73,0,1,156
BRDA:73,0,2,0
BRDA:73,1,3,1
BRDA:73,1,4,155
BRDA:75,0,1,1
BRDA:75,0,2,0
BRDA:78,0,1,155
BRDA:78,0,2,0
BRDA:78,1,3,1
BRDA:78,1,4,154
BRDA:80,0,1,1
BRDA:80,0,2,0
BRDA:85,0,1,157
BRDA:85,0,2,0
BRDA:85,1,3,1
BRDA:85,1,4,156
BRDA:87,0,1,1
BRDA:87,0,2,0
BRDA:90,0,1,156
BRDA:90,0,2,0
BRDA:90,1,3,1
BRDA:90,1,4,155
BRDA:92,0,1,1
BRDA:92,0,2,0
BRDA:95,0,1,155
BRDA:95,0,2,0
BRDA:95,1,3,1
BRDA:95,1,4,154
BRDA:97,0,1,1
BRDA:97,0,2,0
BRDA:102,0,1,157
BRDA:102,0,2,0
BRDA:102,1,3,1
BRDA:102,1,4,156
BRDA:104,0,1,1
BRDA:104,0,2,0
BRDA:107,0,1,156
BRDA:107,0,2,0
BRDA:107,1,3,1
BRDA:107,1,4,155
BRDA:109,0,1,1
BRDA:109,0,2,0
BRDA:112,0,1,155
BRDA:112,0,2,0
BRDA:112,1,3,1
BRDA:112,1,4,154
BRDA:114,0,1,1
BRDA:114,0,2,0
BRDA:119,0,1,157
BRDA:119,0,2,0
BRDA:119,1,3,1
BRDA:119,1,4,156
BRDA:121,0,1,1
BRDA:121,0,2,0
BRDA:124,0,1,156
BRDA:124,0,2,0
BRDA:124,1,3,1
BRDA:124,1,4,155
BRDA:126,0,1,1
BRDA:126,0,2,0
BRDA:129,0,1,155
BRDA:129,0,2,0
BRDA:129,1,3,1
BRDA:129,1,4,154
BRDA:131,0,1,1
BRDA:131,0,2,0
BRDA:135,0,1,154
BRDA:135,0,2,0
BRDA:138,0,2,166
BRDA:138,0,3,0
BRF:103
BRH:71
DA:10,1244
DA:12,622
DA:13,622
DA:14,622
DA:16,4800001
DA:18,4800000
DA:20,1
DA:22,622
DA:25,629
DA:27,1258
DA:28,8188802
DA:30,24564519
DA:32,16376346
DA:34,8188173
DA:35,8188173
DA:37,7968000
DA:40,1258
DA:44,16
DA:46,16
DA:50,154
DA:52,154
DA:53,154
DA:56,166
DA:58,166
DA:59,166
DA:61,166
DA:63,154
DA:65,166
DA:68,157
DA:70,1
DA:71,1
DA:73,156
DA:75,1
DA:76,1
DA:78,155
DA:80,1
DA:81,1
DA:85,157
DA:87,1
DA:88,1
DA:90,156
DA:92,1
DA:93,1
DA:95,155
DA:97,1
DA:98,1
DA:102,157
DA:104,1
DA:105,1
DA:107,156
DA:109,1
DA:110,1
DA:112,155
DA:114,1
DA:115,1
DA:119,157
DA:121,1
DA:122,1
DA:124,156
DA:126,1
DA:127,1
DA:129,155
DA:131,1
DA:132,1
DA:135,154
DA:138,166
DA:139,166
LF:67
LH:67
end_of_record
TN:
SF:/SharedWithWindows/Projects/diginstrument/inc/Applicator.h
FN:23,_ZN8DataFlow10ApplicatorIf13VolumeControlEC2Ev
FN:23,_ZN8DataFlow10ApplicatorIf13VolumeControlED2Ev
FN:23,_ZN8DataFlow10ApplicatorIf13VolumeControlED0Ev
FN:29,_ZN8DataFlow10ApplicatorIf13VolumeControlE3getERKj
FN:41,_ZN8DataFlow10ApplicatorIf13VolumeControlE9getMethodEv
FN:51,_ZN8DataFlow10ApplicatorIf13VolumeControlE6attachERNS_7iSourceIfEE
FNDA:0,_ZN8DataFlow10ApplicatorIf13VolumeControlED0Ev
FNDA:0,_ZN8DataFlow10ApplicatorIf13VolumeControlED2Ev
FNDA:0,_ZN8DataFlow10ApplicatorIf13VolumeControlEC2Ev
FNDA:0,_ZN8DataFlow10ApplicatorIf13VolumeControlE3getERKj
FNDA:0,_ZN8DataFlow10ApplicatorIf13VolumeControlE9getMethodEv
FNDA:0,_ZN8DataFlow10ApplicatorIf13VolumeControlE6attachERNS_7iSourceIfEE
FNF:6
FNH:0
BRDA:31,0,1,-
BRDA:31,0,2,-
BRDA:32,4294967295,1,-
BRDA:32,4294967295,2,-
BRF:4
BRH:0
DA:23,0
DA:29,0
DA:31,0
DA:32,0
DA:33,0
DA:41,0
DA:42,0
DA:51,0
DA:53,0
DA:54,0
LF:10
LH:0
end_of_record
SF:/SharedWithWindows/Projects/diginstrument/inc/AudioSource.h
FN:33,_ZN5Mixer11AudioSourceC2ERKjS2_
FNDA:0,_ZN5Mixer11AudioSourceC2ERKjS2_
FNF:1
FNH:0
DA:33,0
LF:1
LH:0
end_of_record
SF:/SharedWithWindows/Projects/diginstrument/inc/ConsolidationMethods.h
FN:19,_ZN13Consolidation12AccumulationIfED2Ev
FN:19,_ZN13Consolidation12AccumulationIfEC2Ev
FN:19,_ZN13Consolidation12AccumulationIfED0Ev
FNDA:0,_ZN13Consolidation12AccumulationIfED0Ev
FNDA:0,_ZN13Consolidation12AccumulationIfED2Ev
FNDA:0,_ZN13Consolidation12AccumulationIfEC2Ev
FNF:3
FNH:0
DA:19,0
LF:1
LH:0
end_of_record
SF:/SharedWithWindows/Projects/diginstrument/inc/Consolidator.h
FN:20,_ZN8DataFlow12ConsolidatorIfN13Consolidation12AccumulationEED0Ev
FN:20,_ZN8DataFlow12ConsolidatorIfN13Consolidation12AccumulationEED2Ev
FN:20,_ZN8DataFlow12ConsolidatorIfN13Consolidation12AccumulationEEC2Ev
FN:31,_ZN8DataFlow12ConsolidatorIfN13Consolidation12AccumulationEE6attachERNS_7iSourceIfEE
FN:60,_ZN8DataFlow12ConsolidatorIfN13Consolidation12AccumulationEE3getERKj
FNDA:0,_ZN8DataFlow12ConsolidatorIfN13Consolidation12AccumulationEED0Ev
FNDA:0,_ZN8DataFlow12ConsolidatorIfN13Consolidation12AccumulationEED2Ev
FNDA:0,_ZN8DataFlow12ConsolidatorIfN13Consolidation12AccumulationEEC2Ev
FNDA:0,_ZN8DataFlow12ConsolidatorIfN13Consolidation12AccumulationEE6attachERNS_7iSourceIfEE
FNDA:0,_ZN8DataFlow12ConsolidatorIfN13Consolidation12AccumulationEE3getERKj
FNF:5
FNH:0
BRDA:32,0,2,-
BRDA:32,0,3,-
BRDA:61,0,4,-
BRDA:61,0,5,-
BRDA:62,0,1,-
BRDA:62,0,2,-
BRDA:63,0,4,-
BRDA:63,0,5,-
BRF:8
BRH:0
DA:20,0
DA:31,0
DA:32,0
DA:33,0
DA:60,0
DA:61,0
DA:62,0
DA:63,0
DA:65,0
LF:9
LH:0
end_of_record
SF:/SharedWithWindows/Projects/diginstrument/inc/SquareGenerator.h
FN:29,_ZN5Mixer15SquareGeneratorIfED2Ev
FN:29,_ZN5Mixer15SquareGeneratorIfED0Ev
FNDA:0,_ZN5Mixer15SquareGeneratorIfED0Ev
FNDA:0,_ZN5Mixer15SquareGeneratorIfED2Ev
FNF:2
FNH:0
DA:29,0
LF:1
LH:0
end_of_record
SF:/SharedWithWindows/Projects/diginstrument/inc/VolumeControl.h
FN:15,_ZN13VolumeControlIfED2Ev
FN:22,_ZN13VolumeControlIfE14stepTransitionERKi
FN:44,_ZN13VolumeControlIfE9setVolumeERKf
FN:55,_ZN13VolumeControlIfEclERSt6vectorIfSaIfEE
FN:183,_ZN13VolumeControlIfEC2Ev
FNDA:0,_ZN13VolumeControlIfED2Ev
FNDA:0,_ZN13VolumeControlIfE14stepTransitionERKi
FNDA:0,_ZN13VolumeControlIfE9setVolumeERKf
FNDA:0,_ZN13VolumeControlIfEclERSt6vectorIfSaIfEE
FNDA:0,_ZN13VolumeControlIfEC2Ev
FNF:5
FNH:0
BRDA:23,0,1,-
BRDA:23,0,2,-
BRDA:24,0,2,-
BRDA:24,0,3,-
BRDA:57,1,5,-
BRDA:57,1,6,-
BRDA:60,4294967295,1,-
BRDA:60,4294967295,2,-
BRF:8
BRH:0
DA:15,0
DA:22,0
DA:23,0
DA:24,0
DA:26,0
DA:44,0
DA:46,0
DA:47,0
DA:55,0
DA:57,0
DA:59,0
DA:60,0
DA:62,0
DA:183,0
LF:14
LH:0
end_of_record
SF:/SharedWithWindows/Projects/diginstrument/inc/iConsolidationMethod.h
FN:13,_ZN8DataFlow20iConsolidationMethodIfEC2Ev
FN:41,_ZN8DataFlow20iConsolidationMethodIfED2Ev
FN:41,_ZN8DataFlow20iConsolidationMethodIfED0Ev
FNDA:0,_ZN8DataFlow20iConsolidationMethodIfEC2Ev
FNDA:0,_ZN8DataFlow20iConsolidationMethodIfED0Ev
FNDA:0,_ZN8DataFlow20iConsolidationMethodIfED2Ev
FNF:3
FNH:0
DA:13,0
DA:41,0
LF:2
LH:0
end_of_record
SF:/SharedWithWindows/Projects/diginstrument/inc/iSource.h
FN:15,_ZN8DataFlow7iSourceIfEC2Ev
FN:28,_ZN8DataFlow7iSourceIfED0Ev
FN:28,_ZN8DataFlow7iSourceIfED2Ev
FNDA:0,_ZN8DataFlow7iSourceIfEC2Ev
FNDA:0,_ZN8DataFlow7iSourceIfED0Ev
FNDA:0,_ZN8DataFlow7iSourceIfED2Ev
FNF:3
FNH:0
DA:15,0
DA:28,0
LF:2
LH:0
end_of_record
SF:/SharedWithWindows/Projects/diginstrument/inc/iWaveformGenerator.h
FN:10,_ZN5Mixer18iWaveformGeneratorIfEC2Ev
FN:67,_ZN5Mixer18iWaveformGeneratorIfED2Ev
FN:67,_ZN5Mixer18iWaveformGeneratorIfED0Ev
FNDA:0,_ZN5Mixer18iWaveformGeneratorIfEC2Ev
FNDA:0,_ZN5Mixer18iWaveformGeneratorIfED0Ev
FNDA:0,_ZN5Mixer18iWaveformGeneratorIfED2Ev
FNF:3
FNH:0
DA:10,0
DA:67,0
LF:2
LH:0
end_of_record
SF:/SharedWithWindows/Projects/diginstrument/src/square_generator.cpp
FN:4,_ZN5Mixer15SquareGeneratorIfEC2ERKfRKjS5_S5_
FN:18,_ZN5Mixer15SquareGeneratorIfE3getERKj
FN:24,_ZNK5Mixer15SquareGeneratorIfE12getFrequencyEv
FN:30,_ZN5Mixer15SquareGeneratorIfE12setFrequencyERKf
FN:41,_ZN5Mixer15SquareGeneratorIfE12setFrequencyERKfS3_NSt7__cxx1112basic_stringIcSt11char_traitsIcESaIcEEERKj
FNDA:4,_ZN5Mixer15SquareGeneratorIfEC2ERKfRKjS5_S5_
FNDA:4,_ZN5Mixer15SquareGeneratorIfE3getERKj
FNDA:3,_ZNK5Mixer15SquareGeneratorIfE12getFrequencyEv
FNDA:1,_ZN5Mixer15SquareGeneratorIfE12setFrequencyERKf
FNDA:1,_ZN5Mixer15SquareGeneratorIfE12setFrequencyERKfS3_NSt7__cxx1112basic_stringIcSt11char_traitsIcESaIcEEERKj
FNF:5
FNH:5
BRDA:6,4294967295,1,4
BRDA:6,4294967295,2,0
BRDA:7,0,1,4
BRDA:7,0,2,0
BRDA:8,1,0,204
BRDA:8,1,1,4
BRDA:9,0,1,204
BRDA:9,0,2,0
BRDA:9,1,4,204
BRDA:9,1,5,0
BRDA:10,4294967295,1,204
BRDA:10,4294967295,2,0
BRDA:10,0,4,204
BRDA:10,0,5,0
BRDA:13,4294967295,3,204
BRDA:13,4294967295,4,0
BRDA:33,1,5,51
BRDA:33,1,6,1
BRDA:34,4294967295,2,51
BRDA:34,4294967295,3,0
BRDA:44,1,5,51
BRDA:44,1,6,1
BRDA:45,4294967295,2,51
BRDA:45,4294967295,3,0
BRDA:45,0,5,51
BRDA:45,0,6,0
BRF:26
BRH:16
DA:4,8
DA:6,4
DA:7,4
DA:8,208
DA:9,204
DA:10,204
DA:11,204
DA:12,204
DA:13,204
DA:15,4
DA:18,4
DA:20,4
DA:24,3
DA:26,3
DA:30,1
DA:32,1
DA:33,52
DA:34,51
DA:35,51
DA:37,1
DA:38,1
DA:41,1
DA:43,1
DA:44,52
DA:45,51
DA:46,51
DA:48,1
DA:49,1
LF:28
LH:28
end_of_record
TN:
SF:/SharedWithWindows/Projects/diginstrument/inc/Applicator.h
FN:23,_ZN8DataFlow10ApplicatorIf13VolumeControlED0Ev
FN:23,_ZN8DataFlow10ApplicatorIf13VolumeControlED2Ev
FN:23,_ZN8DataFlow10ApplicatorIf13VolumeControlEC2Ev
FN:29,_ZN8DataFlow10ApplicatorIf13VolumeControlE3getERKj
FN:41,_ZN8DataFlow10ApplicatorIf13VolumeControlE9getMethodEv
FN:51,_ZN8DataFlow10ApplicatorIf13VolumeControlE6attachERNS_7iSourceIfEE
FNDA:0,_ZN8DataFlow10ApplicatorIf13VolumeControlED0Ev
FNDA:0,_ZN8DataFlow10ApplicatorIf13VolumeControlED2Ev
FNDA:0,_ZN8DataFlow10ApplicatorIf13VolumeControlEC2Ev
FNDA:0,_ZN8DataFlow10ApplicatorIf13VolumeControlE3getERKj
FNDA:0,_ZN8DataFlow10ApplicatorIf13VolumeControlE9getMethodEv
FNDA:0,_ZN8DataFlow10ApplicatorIf13VolumeControlE6attachERNS_7iSourceIfEE
FNF:6
FNH:0
BRDA:31,0,1,-
BRDA:31,0,2,-
BRDA:32,4294967295,1,-
BRDA:32,4294967295,2,-
BRF:4
BRH:0
DA:23,0
DA:29,0
DA:31,0
DA:32,0
DA:33,0
DA:41,0
DA:42,0
DA:51,0
DA:53,0
DA:54,0
LF:10
LH:0
end_of_record
SF:/SharedWithWindows/Projects/diginstrument/inc/AudioSource.h
FN:33,_ZN5Mixer11AudioSourceC2ERKjS2_
FNDA:0,_ZN5Mixer11AudioSourceC2ERKjS2_
FNF:1
FNH:0
DA:33,0
LF:1
LH:0
end_of_record
SF:/SharedWithWindows/Projects/diginstrument/inc/ConsolidationMethods.h
FN:19,_ZN13Consolidation12AccumulationIfED2Ev
FN:19,_ZN13Consolidation12AccumulationIfEC2Ev
FN:19,_ZN13Consolidation12AccumulationIfED0Ev
FNDA:0,_ZN13Consolidation12AccumulationIfED0Ev
FNDA:0,_ZN13Consolidation12AccumulationIfED2Ev
FNDA:0,_ZN13Consolidation12AccumulationIfEC2Ev
FNF:3
FNH:0
DA:19,0
LF:1
LH:0
end_of_record
SF:/SharedWithWindows/Projects/diginstrument/inc/Consolidator.h
FN:20,_ZN8DataFlow12ConsolidatorIfN13Consolidation12AccumulationEED0Ev
FN:20,_ZN8DataFlow12ConsolidatorIfN13Consolidation12AccumulationEED2Ev
FN:20,_ZN8DataFlow12ConsolidatorIfN13Consolidation12AccumulationEEC2Ev
FN:31,_ZN8DataFlow12ConsolidatorIfN13Consolidation12AccumulationEE6attachERNS_7iSourceIfEE
FN:60,_ZN8DataFlow12ConsolidatorIfN13Consolidation12AccumulationEE3getERKj
FNDA:0,_ZN8DataFlow12ConsolidatorIfN13Consolidation12AccumulationEED0Ev
FNDA:0,_ZN8DataFlow12ConsolidatorIfN13Consolidation12AccumulationEED2Ev
FNDA:0,_ZN8DataFlow12ConsolidatorIfN13Consolidation12AccumulationEEC2Ev
FNDA:0,_ZN8DataFlow12ConsolidatorIfN13Consolidation12AccumulationEE6attachERNS_7iSourceIfEE
FNDA:0,_ZN8DataFlow12ConsolidatorIfN13Consolidation12AccumulationEE3getERKj
FNF:5
FNH:0
BRDA:32,0,2,-
BRDA:32,0,3,-
BRDA:61,0,4,-
BRDA:61,0,5,-
BRDA:62,0,1,-
BRDA:62,0,2,-
BRDA:63,0,4,-
BRDA:63,0,5,-
BRF:8
BRH:0
DA:20,0
DA:31,0
DA:32,0
DA:33,0
DA:60,0
DA:61,0
DA:62,0
DA:63,0
DA:65,0
LF:9
LH:0
end_of_record
SF:/SharedWithWindows/Projects/diginstrument/inc/TriangleGenerator.h
FN:29,_ZN5Mixer17TriangleGeneratorIfED0Ev
FN:29,_ZN5Mixer17TriangleGeneratorIfED2Ev
FNDA:0,_ZN5Mixer17TriangleGeneratorIfED0Ev
FNDA:0,_ZN5Mixer17TriangleGeneratorIfED2Ev
FNF:2
FNH:0
DA:29,0
LF:1
LH:0
end_of_record
SF:/SharedWithWindows/Projects/diginstrument/inc/VolumeControl.h
FN:15,_ZN13VolumeControlIfED2Ev
FN:22,_ZN13VolumeControlIfE14stepTransitionERKi
FN:44,_ZN13VolumeControlIfE9setVolumeERKf
FN:55,_ZN13VolumeControlIfEclERSt6vectorIfSaIfEE
FN:183,_ZN13VolumeControlIfEC2Ev
FNDA:0,_ZN13VolumeControlIfED2Ev
FNDA:0,_ZN13VolumeControlIfE14stepTransitionERKi
FNDA:0,_ZN13VolumeControlIfE9setVolumeERKf
FNDA:0,_ZN13VolumeControlIfEclERSt6vectorIfSaIfEE
FNDA:0,_ZN13VolumeControlIfEC2Ev
FNF:5
FNH:0
BRDA:23,0,1,-
BRDA:23,0,2,-
BRDA:24,0,2,-
BRDA:24,0,3,-
BRDA:57,1,5,-
BRDA:57,1,6,-
BRDA:60,4294967295,1,-
BRDA:60,4294967295,2,-
BRF:8
BRH:0
DA:15,0
DA:22,0
DA:23,0
DA:24,0
DA:26,0
DA:44,0
DA:46,0
DA:47,0
DA:55,0
DA:57,0
DA:59,0
DA:60,0
DA:62,0
DA:183,0
LF:14
LH:0
end_of_record
SF:/SharedWithWindows/Projects/diginstrument/inc/iConsolidationMethod.h
FN:13,_ZN8DataFlow20iConsolidationMethodIfEC2Ev
FN:41,_ZN8DataFlow20iConsolidationMethodIfED0Ev
FN:41,_ZN8DataFlow20iConsolidationMethodIfED2Ev
FNDA:0,_ZN8DataFlow20iConsolidationMethodIfEC2Ev
FNDA:0,_ZN8DataFlow20iConsolidationMethodIfED0Ev
FNDA:0,_ZN8DataFlow20iConsolidationMethodIfED2Ev
FNF:3
FNH:0
DA:13,0
DA:41,0
LF:2
LH:0
end_of_record
SF:/SharedWithWindows/Projects/diginstrument/inc/iSource.h
FN:15,_ZN8DataFlow7iSourceIfEC2Ev
FN:28,_ZN8DataFlow7iSourceIfED0Ev
FN:28,_ZN8DataFlow7iSourceIfED2Ev
FNDA:0,_ZN8DataFlow7iSourceIfEC2Ev
FNDA:0,_ZN8DataFlow7iSourceIfED0Ev
FNDA:0,_ZN8DataFlow7iSourceIfED2Ev
FNF:3
FNH:0
DA:15,0
DA:28,0
LF:2
LH:0
end_of_record
SF:/SharedWithWindows/Projects/diginstrument/inc/iWaveformGenerator.h
FN:10,_ZN5Mixer18iWaveformGeneratorIfEC2Ev
FN:67,_ZN5Mixer18iWaveformGeneratorIfED0Ev
FN:67,_ZN5Mixer18iWaveformGeneratorIfED2Ev
FNDA:0,_ZN5Mixer18iWaveformGeneratorIfEC2Ev
FNDA:0,_ZN5Mixer18iWaveformGeneratorIfED0Ev
FNDA:0,_ZN5Mixer18iWaveformGeneratorIfED2Ev
FNF:3
FNH:0
DA:10,0
DA:67,0
LF:2
LH:0
end_of_record
SF:/SharedWithWindows/Projects/diginstrument/src/triangle_generator.cpp
FN:4,_ZN5Mixer17TriangleGeneratorIfEC2ERKfRKjS5_S5_
FN:18,_ZN5Mixer17TriangleGeneratorIfE3getERKj
FN:24,_ZNK5Mixer17TriangleGeneratorIfE12getFrequencyEv
FN:30,_ZN5Mixer17TriangleGeneratorIfE12setFrequencyERKf
FN:41,_ZN5Mixer17TriangleGeneratorIfE12setFrequencyERKfS3_NSt7__cxx1112basic_stringIcSt11char_traitsIcESaIcEEERKj
FNDA:4,_ZN5Mixer17TriangleGeneratorIfEC2ERKfRKjS5_S5_
FNDA:4,_ZN5Mixer17TriangleGeneratorIfE3getERKj
FNDA:3,_ZNK5Mixer17TriangleGeneratorIfE12getFrequencyEv
FNDA:1,_ZN5Mixer17TriangleGeneratorIfE12setFrequencyERKf
FNDA:1,_ZN5Mixer17TriangleGeneratorIfE12setFrequencyERKfS3_NSt7__cxx1112basic_stringIcSt11char_traitsIcESaIcEEERKj
FNF:5
FNH:5
BRDA:6,4294967295,1,4
BRDA:6,4294967295,2,0
BRDA:7,0,1,4
BRDA:7,0,2,0
BRDA:8,1,0,204
BRDA:8,1,1,4
BRDA:9,0,1,204
BRDA:9,0,2,0
BRDA:9,1,4,204
BRDA:9,1,5,0
BRDA:10,4294967295,1,204
BRDA:10,4294967295,2,0
BRDA:10,0,4,204
BRDA:10,0,5,0
BRDA:13,4294967295,3,204
BRDA:13,4294967295,4,0
BRDA:33,1,5,51
BRDA:33,1,6,1
BRDA:34,4294967295,2,51
BRDA:34,4294967295,3,0
BRDA:44,1,5,51
BRDA:44,1,6,1
BRDA:45,4294967295,2,51
BRDA:45,4294967295,3,0
BRDA:45,0,5,51
BRDA:45,0,6,0
BRF:26
BRH:16
DA:4,8
DA:6,4
DA:7,4
DA:8,208
DA:9,204
DA:10,204
DA:11,204
DA:12,204
DA:13,204
DA:15,4
DA:18,4
DA:20,4
DA:24,3
DA:26,3
DA:30,1
DA:32,1
DA:33,52
DA:34,51
DA:35,51
DA:37,1
DA:38,1
DA:41,1
DA:43,1
DA:44,52
DA:45,51
DA:46,51
DA:48,1
DA:49,1
LF:28
LH:28
end_of_record
TN:
SF:/SharedWithWindows/Projects/diginstrument/src/vorbis_decoder.cpp
FN:3,_ZN13VorbisDecoderC2Ev
FN:9,_ZN13VorbisDecoder11addToHeaderER10ogg_packet
FN:14,_ZNK13VorbisDecoder11getCommentsB5cxx11Ev
FN:27,_ZNK13VorbisDecoder11getChannelsEv
FN:31,_ZNK13VorbisDecoder13getSampleRateEv
FN:35,_ZNK13VorbisDecoder9getVendorB5cxx11Ev
FN:39,_ZN13VorbisDecoder5clearEv
FN:48,_ZN13VorbisDecoder12initDecodingEv
FN:55,_ZN13VorbisDecoder6decodeER10ogg_packet
FN:76,_ZN13VorbisDecoderD2Ev
FNDA:1,_ZN13VorbisDecoderC2Ev
FNDA:3,_ZN13VorbisDecoder11addToHeaderER10ogg_packet
FNDA:1,_ZNK13VorbisDecoder11getCommentsB5cxx11Ev
FNDA:1,_ZNK13VorbisDecoder11getChannelsEv
FNDA:1,_ZNK13VorbisDecoder13getSampleRateEv
FNDA:1,_ZNK13VorbisDecoder9getVendorB5cxx11Ev
FNDA:1,_ZN13VorbisDecoder5clearEv
FNDA:1,_ZN13VorbisDecoder12initDecodingEv
FNDA:475,_ZN13VorbisDecoder6decodeER10ogg_packet
FNDA:1,_ZN13VorbisDecoderD2Ev
FNF:10
FNH:10
BRDA:18,4294967295,0,0
BRDA:18,4294967295,1,1
BRDA:19,0,0,2
BRDA:19,0,1,1
BRDA:21,0,2,2
BRDA:21,0,3,0
BRDA:21,1,5,2
BRDA:21,1,6,0
BRDA:36,0,2,1
BRDA:36,0,3,0
BRDA:40,0,0,1
BRDA:40,0,1,0
BRDA:57,4294967295,1,475
BRDA:57,4294967295,2,0
BRDA:57,0,3,0
BRDA:57,0,4,475
BRDA:58,0,1,475
BRDA:58,0,2,0
BRDA:59,0,1,475
BRDA:59,0,2,0
BRDA:59,1,4,475
BRDA:59,1,5,0
BRDA:64,0,1,949
BRDA:64,0,2,0
BRDA:64,1,3,474
BRDA:64,1,4,475
BRDA:65,1,0,480000
BRDA:65,1,1,474
BRDA:66,1,0,960000
BRDA:66,1,1,480000
BRDA:67,0,1,960000
BRDA:67,0,2,0
BRDA:70,0,1,474
BRDA:70,0,2,0
BRF:34
BRH:21
DA:3,1
DA:5,1
DA:6,1
DA:7,1
DA:9,3
DA:11,3
DA:14,1
DA:16,2
DA:17,1
DA:18,1
DA:19,3
DA:21,2
DA:22,2
DA:24,1
DA:27,1
DA:28,1
DA:31,1
DA:32,1
DA:35,1
DA:36,1
DA:39,1
DA:40,1
DA:41,1
DA:42,1
DA:44,1
DA:45,1
DA:46,1
DA:48,1
DA:49,1
DA:50,1
DA:51,1
DA:52,1
DA:55,475
DA:56,950
DA:57,475
DA:58,475
DA:59,475
DA:64,949
DA:65,480474
DA:66,1440000
DA:67,960000
DA:70,474
DA:72,475
DA:76,1
DA:77,1
DA:78,1
LF:46
LH:46
end_of_record
TN:
SF:/SharedWithWindows/Projects/diginstrument/src/vorbis_encoder.cpp
FN:3,_ZN13VorbisEncoderC2ERKjS1_RKf
FN:22,_ZN13VorbisEncoder4openERKNSt7__cxx1112basic_stringIcSt11char_traitsIcESaIcEEE
FN:27,_ZN13VorbisEncoder10addCommentENSt7__cxx1112basic_stringIcSt11char_traitsIcESaIcEEES5_
FN:31,_ZN13VorbisEncoder12initEncodingEv
FN:56,_ZN13VorbisEncoder3addESt6vectorIfSaIfEE
FN:84,_ZN13VorbisEncoder5closeEv
FN:114,_ZN13VorbisEncoderD2Ev
FNDA:3,_ZN13VorbisEncoderC2ERKjS1_RKf
FNDA:1,_ZN13VorbisEncoder4openERKNSt7__cxx1112basic_stringIcSt11char_traitsIcESaIcEEE
FNDA:2,_ZN13VorbisEncoder10addCommentENSt7__cxx1112basic_stringIcSt11char_traitsIcESaIcEEES5_
FNDA:1,_ZN13VorbisEncoder12initEncodingEv
FNDA:1,_ZN13VorbisEncoder3addESt6vectorIfSaIfEE
FNDA:1,_ZN13VorbisEncoder5closeEv
FNDA:1,_ZN13VorbisEncoderD2Ev
FNF:7
FNH:7
BRDA:4,4294967295,1,3
BRDA:4,4294967295,2,0
BRDA:6,0,0,1
BRDA:6,0,1,2
BRDA:9,0,0,1
BRDA:9,0,1,2
BRDA:12,0,1,3
BRDA:12,0,2,0
BRDA:13,0,1,3
BRDA:13,0,2,0
BRDA:14,0,1,3
BRDA:14,0,2,0
BRDA:15,0,1,3
BRDA:15,0,2,0
BRDA:19,4294967295,2,3
BRDA:19,4294967295,3,0
BRDA:38,0,1,1
BRDA:38,0,2,0
BRDA:39,0,0,0
BRDA:39,0,1,1
BRDA:40,0,1,1
BRDA:40,0,2,0
BRDA:41,0,0,0
BRDA:41,0,1,1
BRDA:42,0,1,1
BRDA:42,0,2,0
BRDA:43,0,0,0
BRDA:43,0,1,1
BRDA:44,0,1,1
BRDA:44,0,2,0
BRDA:45,0,0,0
BRDA:45,0,1,1
BRDA:47,0,0,3
BRDA:47,0,1,0
BRDA:48,0,1,3
BRDA:48,0,2,0
BRDA:49,0,0,1
BRDA:49,0,1,2
BRDA:50,0,1,2
BRDA:50,0,2,0
BRDA:51,0,1,2
BRDA:51,0,2,0
BRDA:60,0,1,480000
BRDA:60,0,2,1
BRDA:61,1,0,960000
BRDA:61,1,1,480000
BRDA:68,0,1,469
BRDA:68,0,2,1
BRDA:73,0,1,469
BRDA:73,0,2,469
BRDA:76,0,1,5
BRDA:76,0,2,469
BRDA:86,0,1,6
BRDA:86,0,2,1
BRDA:90,0,1,6
BRDA:90,0,2,6
BRDA:93,0,1,1
BRDA:93,0,2,6
BRDA:101,4294967295,0,0
BRDA:101,4294967295,1,1
BRF:60
BRH:41
DA:3,6
DA:4,3
DA:6,3
DA:7,1
DA:9,3
DA:10,1
DA:12,3
DA:13,3
DA:14,3
DA:15,3
DA:18,3
DA:19,3
DA:20,3
DA:22,1
DA:23,1
DA:24,1
DA:27,2
DA:28,2
DA:29,2
DA:31,1
DA:38,1
DA:39,1
DA:40,1
DA:41,1
DA:42,1
DA:43,1
DA:44,1
DA:45,1
DA:47,3
DA:48,3
DA:49,3
DA:50,2
DA:51,2
DA:53,1
DA:56,1
DA:57,1
DA:59,1
DA:60,480001
DA:61,1440000
DA:62,960000
DA:63,960000
DA:66,1
DA:68,470
DA:70,469
DA:71,469
DA:73,938
DA:74,469
DA:76,474
DA:77,5
DA:78,5
DA:82,1
DA:84,1
DA:85,1
DA:86,7
DA:87,6
DA:88,6
DA:90,12
DA:91,6
DA:93,7
DA:94,1
DA:95,1
DA:100,1
DA:101,1
DA:102,0
DA:103,0
DA:105,1
DA:106,1
DA:107,1
DA:108,1
DA:109,1
DA:110,1
DA:111,1
DA:114,2
DA:115,1
DA:116,1
DA:117,1
DA:118,1
DA:119,1
DA:120,1
DA:121,1
LF:80
LH:78
end_of_record
